

Started GET "/" for 127.0.0.1 at 2015-04-06 16:01:39 -0700
Processing by Rails::WelcomeController#index as HTML
  Rendered /Users/apprentice/.rbenv/versions/2.0.0-p353/lib/ruby/gems/2.0.0/gems/railties-4.1.6/lib/rails/templates/rails/welcome/index.html.erb (10.2ms)
Completed 200 OK in 78ms (Views: 59.2ms | ActiveRecord: 0.0ms)


Started GET "/welcome/index" for 127.0.0.1 at 2015-04-06 16:03:42 -0700
Processing by WelcomeController#index as HTML
  Rendered welcome/index.html.erb within layouts/application (0.4ms)
Completed 200 OK in 1487ms (Views: 1486.7ms | ActiveRecord: 0.0ms)


Started GET "/assets/welcome.css?body=1" for 127.0.0.1 at 2015-04-06 16:03:43 -0700


Started GET "/assets/application.css?body=1" for 127.0.0.1 at 2015-04-06 16:03:43 -0700


Started GET "/assets/jquery.js?body=1" for 127.0.0.1 at 2015-04-06 16:03:43 -0700


Started GET "/assets/jquery_ujs.js?body=1" for 127.0.0.1 at 2015-04-06 16:03:43 -0700


Started GET "/assets/turbolinks.js?body=1" for 127.0.0.1 at 2015-04-06 16:03:43 -0700


Started GET "/assets/welcome.js?body=1" for 127.0.0.1 at 2015-04-06 16:03:43 -0700


Started GET "/assets/application.js?body=1" for 127.0.0.1 at 2015-04-06 16:03:43 -0700


Started GET "/" for 127.0.0.1 at 2015-04-06 16:05:53 -0700
Processing by Rails::WelcomeController#index as HTML
  Rendered /Users/apprentice/.rbenv/versions/2.0.0-p353/lib/ruby/gems/2.0.0/gems/railties-4.1.6/lib/rails/templates/rails/welcome/index.html.erb (0.1ms)
Completed 200 OK in 2ms (Views: 1.4ms | ActiveRecord: 0.0ms)


Started GET "/" for 127.0.0.1 at 2015-04-06 16:08:58 -0700
Processing by WelcomeController#index as HTML
  Rendered welcome/index.html.erb within layouts/application (0.4ms)
Completed 200 OK in 36ms (Views: 35.3ms | ActiveRecord: 0.0ms)


Started GET "/assets/welcome.css?body=1" for 127.0.0.1 at 2015-04-06 16:08:58 -0700


Started GET "/assets/application.css?body=1" for 127.0.0.1 at 2015-04-06 16:08:58 -0700


Started GET "/assets/jquery.js?body=1" for 127.0.0.1 at 2015-04-06 16:08:58 -0700


Started GET "/assets/jquery_ujs.js?body=1" for 127.0.0.1 at 2015-04-06 16:08:58 -0700


Started GET "/assets/turbolinks.js?body=1" for 127.0.0.1 at 2015-04-06 16:08:58 -0700


Started GET "/assets/welcome.js?body=1" for 127.0.0.1 at 2015-04-06 16:08:58 -0700


Started GET "/assets/application.js?body=1" for 127.0.0.1 at 2015-04-06 16:08:58 -0700


Started GET "/articles/new" for 127.0.0.1 at 2015-04-06 16:13:19 -0700

ActionController::RoutingError (uninitialized constant ArticlesController):
  activesupport (4.1.6) lib/active_support/inflector/methods.rb:238:in `const_get'
  activesupport (4.1.6) lib/active_support/inflector/methods.rb:238:in `block in constantize'
  activesupport (4.1.6) lib/active_support/inflector/methods.rb:236:in `each'
  activesupport (4.1.6) lib/active_support/inflector/methods.rb:236:in `inject'
  activesupport (4.1.6) lib/active_support/inflector/methods.rb:236:in `constantize'
  actionpack (4.1.6) lib/action_dispatch/routing/route_set.rb:78:in `controller_reference'
  actionpack (4.1.6) lib/action_dispatch/routing/route_set.rb:68:in `controller'
  actionpack (4.1.6) lib/action_dispatch/routing/route_set.rb:46:in `call'
  actionpack (4.1.6) lib/action_dispatch/journey/router.rb:73:in `block in call'
  actionpack (4.1.6) lib/action_dispatch/journey/router.rb:59:in `each'
  actionpack (4.1.6) lib/action_dispatch/journey/router.rb:59:in `call'
  actionpack (4.1.6) lib/action_dispatch/routing/route_set.rb:678:in `call'
  rack (1.5.2) lib/rack/etag.rb:23:in `call'
  rack (1.5.2) lib/rack/conditionalget.rb:25:in `call'
  rack (1.5.2) lib/rack/head.rb:11:in `call'
  actionpack (4.1.6) lib/action_dispatch/middleware/params_parser.rb:27:in `call'
  actionpack (4.1.6) lib/action_dispatch/middleware/flash.rb:254:in `call'
  rack (1.5.2) lib/rack/session/abstract/id.rb:225:in `context'
  rack (1.5.2) lib/rack/session/abstract/id.rb:220:in `call'
  actionpack (4.1.6) lib/action_dispatch/middleware/cookies.rb:560:in `call'
  activerecord (4.1.6) lib/active_record/query_cache.rb:36:in `call'
  activerecord (4.1.6) lib/active_record/connection_adapters/abstract/connection_pool.rb:621:in `call'
  activerecord (4.1.6) lib/active_record/migration.rb:380:in `call'
  actionpack (4.1.6) lib/action_dispatch/middleware/callbacks.rb:29:in `block in call'
  activesupport (4.1.6) lib/active_support/callbacks.rb:82:in `run_callbacks'
  actionpack (4.1.6) lib/action_dispatch/middleware/callbacks.rb:27:in `call'
  actionpack (4.1.6) lib/action_dispatch/middleware/reloader.rb:73:in `call'
  actionpack (4.1.6) lib/action_dispatch/middleware/remote_ip.rb:76:in `call'
  actionpack (4.1.6) lib/action_dispatch/middleware/debug_exceptions.rb:17:in `call'
  actionpack (4.1.6) lib/action_dispatch/middleware/show_exceptions.rb:30:in `call'
  railties (4.1.6) lib/rails/rack/logger.rb:38:in `call_app'
  railties (4.1.6) lib/rails/rack/logger.rb:20:in `block in call'
  activesupport (4.1.6) lib/active_support/tagged_logging.rb:68:in `block in tagged'
  activesupport (4.1.6) lib/active_support/tagged_logging.rb:26:in `tagged'
  activesupport (4.1.6) lib/active_support/tagged_logging.rb:68:in `tagged'
  railties (4.1.6) lib/rails/rack/logger.rb:20:in `call'
  actionpack (4.1.6) lib/action_dispatch/middleware/request_id.rb:21:in `call'
  rack (1.5.2) lib/rack/methodoverride.rb:21:in `call'
  rack (1.5.2) lib/rack/runtime.rb:17:in `call'
  activesupport (4.1.6) lib/active_support/cache/strategy/local_cache_middleware.rb:26:in `call'
  rack (1.5.2) lib/rack/lock.rb:17:in `call'
  actionpack (4.1.6) lib/action_dispatch/middleware/static.rb:64:in `call'
  rack (1.5.2) lib/rack/sendfile.rb:112:in `call'
  railties (4.1.6) lib/rails/engine.rb:514:in `call'
  railties (4.1.6) lib/rails/application.rb:144:in `call'
  rack (1.5.2) lib/rack/content_length.rb:14:in `call'
  thin (1.6.1) lib/thin/connection.rb:82:in `block in pre_process'
  thin (1.6.1) lib/thin/connection.rb:80:in `catch'
  thin (1.6.1) lib/thin/connection.rb:80:in `pre_process'
  thin (1.6.1) lib/thin/connection.rb:55:in `process'
  thin (1.6.1) lib/thin/connection.rb:41:in `receive_data'
  eventmachine (1.0.3) lib/eventmachine.rb:187:in `run_machine'
  eventmachine (1.0.3) lib/eventmachine.rb:187:in `run'
  thin (1.6.1) lib/thin/backends/base.rb:73:in `start'
  thin (1.6.1) lib/thin/server.rb:162:in `start'
  rack (1.5.2) lib/rack/handler/thin.rb:16:in `run'
  rack (1.5.2) lib/rack/server.rb:264:in `start'
  railties (4.1.6) lib/rails/commands/server.rb:69:in `start'
  railties (4.1.6) lib/rails/commands/commands_tasks.rb:81:in `block in server'
  railties (4.1.6) lib/rails/commands/commands_tasks.rb:76:in `tap'
  railties (4.1.6) lib/rails/commands/commands_tasks.rb:76:in `server'
  railties (4.1.6) lib/rails/commands/commands_tasks.rb:40:in `run_command!'
  railties (4.1.6) lib/rails/commands.rb:17:in `<top (required)>'
  bin/rails:8:in `require'
  bin/rails:8:in `<top (required)>'
  spring (1.3.4) lib/spring/client/rails.rb:28:in `load'
  spring (1.3.4) lib/spring/client/rails.rb:28:in `call'
  spring (1.3.4) lib/spring/client/command.rb:7:in `call'
  spring (1.3.4) lib/spring/client.rb:26:in `run'
  spring (1.3.4) bin/spring:48:in `<top (required)>'
  spring (1.3.4) lib/spring/binstub.rb:11:in `load'
  spring (1.3.4) lib/spring/binstub.rb:11:in `<top (required)>'
  /Users/apprentice/.rbenv/versions/2.0.0-p353/lib/ruby/2.0.0/rubygems/core_ext/kernel_require.rb:53:in `require'
  /Users/apprentice/.rbenv/versions/2.0.0-p353/lib/ruby/2.0.0/rubygems/core_ext/kernel_require.rb:53:in `require'
  bin/spring:13:in `<top (required)>'
  bin/rails:3:in `load'
  bin/rails:3:in `<main>'


  Rendered /Users/apprentice/.rbenv/versions/2.0.0-p353/lib/ruby/gems/2.0.0/gems/actionpack-4.1.6/lib/action_dispatch/middleware/templates/rescues/_trace.html.erb (1.4ms)
  Rendered /Users/apprentice/.rbenv/versions/2.0.0-p353/lib/ruby/gems/2.0.0/gems/actionpack-4.1.6/lib/action_dispatch/middleware/templates/routes/_route.html.erb (1.5ms)
  Rendered /Users/apprentice/.rbenv/versions/2.0.0-p353/lib/ruby/gems/2.0.0/gems/actionpack-4.1.6/lib/action_dispatch/middleware/templates/routes/_table.html.erb (21.7ms)
  Rendered /Users/apprentice/.rbenv/versions/2.0.0-p353/lib/ruby/gems/2.0.0/gems/actionpack-4.1.6/lib/action_dispatch/middleware/templates/rescues/routing_error.html.erb within rescues/layout (61.0ms)


Started GET "/articles/new" for 127.0.0.1 at 2015-04-06 16:14:28 -0700

AbstractController::ActionNotFound (The action 'new' could not be found for ArticlesController):
  actionpack (4.1.6) lib/abstract_controller/base.rb:131:in `process'
  actionview (4.1.6) lib/action_view/rendering.rb:30:in `process'
  actionpack (4.1.6) lib/action_controller/metal.rb:196:in `dispatch'
  actionpack (4.1.6) lib/action_controller/metal/rack_delegation.rb:13:in `dispatch'
  actionpack (4.1.6) lib/action_controller/metal.rb:232:in `block in action'
  actionpack (4.1.6) lib/action_dispatch/routing/route_set.rb:82:in `call'
  actionpack (4.1.6) lib/action_dispatch/routing/route_set.rb:82:in `dispatch'
  actionpack (4.1.6) lib/action_dispatch/routing/route_set.rb:50:in `call'
  actionpack (4.1.6) lib/action_dispatch/journey/router.rb:73:in `block in call'
  actionpack (4.1.6) lib/action_dispatch/journey/router.rb:59:in `each'
  actionpack (4.1.6) lib/action_dispatch/journey/router.rb:59:in `call'
  actionpack (4.1.6) lib/action_dispatch/routing/route_set.rb:678:in `call'
  rack (1.5.2) lib/rack/etag.rb:23:in `call'
  rack (1.5.2) lib/rack/conditionalget.rb:25:in `call'
  rack (1.5.2) lib/rack/head.rb:11:in `call'
  actionpack (4.1.6) lib/action_dispatch/middleware/params_parser.rb:27:in `call'
  actionpack (4.1.6) lib/action_dispatch/middleware/flash.rb:254:in `call'
  rack (1.5.2) lib/rack/session/abstract/id.rb:225:in `context'
  rack (1.5.2) lib/rack/session/abstract/id.rb:220:in `call'
  actionpack (4.1.6) lib/action_dispatch/middleware/cookies.rb:560:in `call'
  activerecord (4.1.6) lib/active_record/query_cache.rb:36:in `call'
  activerecord (4.1.6) lib/active_record/connection_adapters/abstract/connection_pool.rb:621:in `call'
  activerecord (4.1.6) lib/active_record/migration.rb:380:in `call'
  actionpack (4.1.6) lib/action_dispatch/middleware/callbacks.rb:29:in `block in call'
  activesupport (4.1.6) lib/active_support/callbacks.rb:82:in `run_callbacks'
  actionpack (4.1.6) lib/action_dispatch/middleware/callbacks.rb:27:in `call'
  actionpack (4.1.6) lib/action_dispatch/middleware/reloader.rb:73:in `call'
  actionpack (4.1.6) lib/action_dispatch/middleware/remote_ip.rb:76:in `call'
  actionpack (4.1.6) lib/action_dispatch/middleware/debug_exceptions.rb:17:in `call'
  actionpack (4.1.6) lib/action_dispatch/middleware/show_exceptions.rb:30:in `call'
  railties (4.1.6) lib/rails/rack/logger.rb:38:in `call_app'
  railties (4.1.6) lib/rails/rack/logger.rb:20:in `block in call'
  activesupport (4.1.6) lib/active_support/tagged_logging.rb:68:in `block in tagged'
  activesupport (4.1.6) lib/active_support/tagged_logging.rb:26:in `tagged'
  activesupport (4.1.6) lib/active_support/tagged_logging.rb:68:in `tagged'
  railties (4.1.6) lib/rails/rack/logger.rb:20:in `call'
  actionpack (4.1.6) lib/action_dispatch/middleware/request_id.rb:21:in `call'
  rack (1.5.2) lib/rack/methodoverride.rb:21:in `call'
  rack (1.5.2) lib/rack/runtime.rb:17:in `call'
  activesupport (4.1.6) lib/active_support/cache/strategy/local_cache_middleware.rb:26:in `call'
  rack (1.5.2) lib/rack/lock.rb:17:in `call'
  actionpack (4.1.6) lib/action_dispatch/middleware/static.rb:64:in `call'
  rack (1.5.2) lib/rack/sendfile.rb:112:in `call'
  railties (4.1.6) lib/rails/engine.rb:514:in `call'
  railties (4.1.6) lib/rails/application.rb:144:in `call'
  rack (1.5.2) lib/rack/content_length.rb:14:in `call'
  thin (1.6.1) lib/thin/connection.rb:82:in `block in pre_process'
  thin (1.6.1) lib/thin/connection.rb:80:in `catch'
  thin (1.6.1) lib/thin/connection.rb:80:in `pre_process'
  thin (1.6.1) lib/thin/connection.rb:55:in `process'
  thin (1.6.1) lib/thin/connection.rb:41:in `receive_data'
  eventmachine (1.0.3) lib/eventmachine.rb:187:in `run_machine'
  eventmachine (1.0.3) lib/eventmachine.rb:187:in `run'
  thin (1.6.1) lib/thin/backends/base.rb:73:in `start'
  thin (1.6.1) lib/thin/server.rb:162:in `start'
  rack (1.5.2) lib/rack/handler/thin.rb:16:in `run'
  rack (1.5.2) lib/rack/server.rb:264:in `start'
  railties (4.1.6) lib/rails/commands/server.rb:69:in `start'
  railties (4.1.6) lib/rails/commands/commands_tasks.rb:81:in `block in server'
  railties (4.1.6) lib/rails/commands/commands_tasks.rb:76:in `tap'
  railties (4.1.6) lib/rails/commands/commands_tasks.rb:76:in `server'
  railties (4.1.6) lib/rails/commands/commands_tasks.rb:40:in `run_command!'
  railties (4.1.6) lib/rails/commands.rb:17:in `<top (required)>'
  bin/rails:8:in `require'
  bin/rails:8:in `<top (required)>'
  spring (1.3.4) lib/spring/client/rails.rb:28:in `load'
  spring (1.3.4) lib/spring/client/rails.rb:28:in `call'
  spring (1.3.4) lib/spring/client/command.rb:7:in `call'
  spring (1.3.4) lib/spring/client.rb:26:in `run'
  spring (1.3.4) bin/spring:48:in `<top (required)>'
  spring (1.3.4) lib/spring/binstub.rb:11:in `load'
  spring (1.3.4) lib/spring/binstub.rb:11:in `<top (required)>'
  /Users/apprentice/.rbenv/versions/2.0.0-p353/lib/ruby/2.0.0/rubygems/core_ext/kernel_require.rb:53:in `require'
  /Users/apprentice/.rbenv/versions/2.0.0-p353/lib/ruby/2.0.0/rubygems/core_ext/kernel_require.rb:53:in `require'
  bin/spring:13:in `<top (required)>'
  bin/rails:3:in `load'
  bin/rails:3:in `<main>'


  Rendered /Users/apprentice/.rbenv/versions/2.0.0-p353/lib/ruby/gems/2.0.0/gems/actionpack-4.1.6/lib/action_dispatch/middleware/templates/rescues/unknown_action.html.erb within rescues/layout (0.5ms)


Started GET "/articles/new" for 127.0.0.1 at 2015-04-06 16:14:50 -0700
Processing by ArticlesController#new as HTML
Completed 500 Internal Server Error in 3ms

ActionView::MissingTemplate (Missing template articles/new, application/new with {:locale=>[:en], :formats=>[:html], :variants=>[], :handlers=>[:erb, :builder, :raw, :ruby, :coffee, :jbuilder]}. Searched in:
  * "/Users/apprentice/Desktop/blog/app/views"
):
  actionview (4.1.6) lib/action_view/path_set.rb:46:in `find'
  actionview (4.1.6) lib/action_view/lookup_context.rb:124:in `find'
  actionview (4.1.6) lib/action_view/renderer/abstract_renderer.rb:18:in `find_template'
  actionview (4.1.6) lib/action_view/renderer/template_renderer.rb:41:in `determine_template'
  actionview (4.1.6) lib/action_view/renderer/template_renderer.rb:8:in `render'
  actionview (4.1.6) lib/action_view/renderer/renderer.rb:42:in `render_template'
  actionview (4.1.6) lib/action_view/renderer/renderer.rb:23:in `render'
  actionview (4.1.6) lib/action_view/rendering.rb:99:in `_render_template'
  actionpack (4.1.6) lib/action_controller/metal/streaming.rb:217:in `_render_template'
  actionview (4.1.6) lib/action_view/rendering.rb:82:in `render_to_body'
  actionpack (4.1.6) lib/action_controller/metal/rendering.rb:32:in `render_to_body'
  actionpack (4.1.6) lib/action_controller/metal/renderers.rb:32:in `render_to_body'
  actionpack (4.1.6) lib/abstract_controller/rendering.rb:25:in `render'
  actionpack (4.1.6) lib/action_controller/metal/rendering.rb:16:in `render'
  actionpack (4.1.6) lib/action_controller/metal/instrumentation.rb:41:in `block (2 levels) in render'
  activesupport (4.1.6) lib/active_support/core_ext/benchmark.rb:12:in `block in ms'
  /Users/apprentice/.rbenv/versions/2.0.0-p353/lib/ruby/2.0.0/benchmark.rb:296:in `realtime'
  activesupport (4.1.6) lib/active_support/core_ext/benchmark.rb:12:in `ms'
  actionpack (4.1.6) lib/action_controller/metal/instrumentation.rb:41:in `block in render'
  actionpack (4.1.6) lib/action_controller/metal/instrumentation.rb:84:in `cleanup_view_runtime'
  activerecord (4.1.6) lib/active_record/railties/controller_runtime.rb:25:in `cleanup_view_runtime'
  actionpack (4.1.6) lib/action_controller/metal/instrumentation.rb:40:in `render'
  actionpack (4.1.6) lib/action_controller/metal/implicit_render.rb:10:in `default_render'
  actionpack (4.1.6) lib/action_controller/metal/implicit_render.rb:5:in `send_action'
  actionpack (4.1.6) lib/abstract_controller/base.rb:189:in `process_action'
  actionpack (4.1.6) lib/action_controller/metal/rendering.rb:10:in `process_action'
  actionpack (4.1.6) lib/abstract_controller/callbacks.rb:20:in `block in process_action'
  activesupport (4.1.6) lib/active_support/callbacks.rb:113:in `call'
  activesupport (4.1.6) lib/active_support/callbacks.rb:113:in `call'
  activesupport (4.1.6) lib/active_support/callbacks.rb:229:in `block in halting'
  activesupport (4.1.6) lib/active_support/callbacks.rb:229:in `call'
  activesupport (4.1.6) lib/active_support/callbacks.rb:229:in `block in halting'
  activesupport (4.1.6) lib/active_support/callbacks.rb:166:in `call'
  activesupport (4.1.6) lib/active_support/callbacks.rb:166:in `block in halting'
  activesupport (4.1.6) lib/active_support/callbacks.rb:166:in `call'
  activesupport (4.1.6) lib/active_support/callbacks.rb:166:in `block in halting'
  activesupport (4.1.6) lib/active_support/callbacks.rb:166:in `call'
  activesupport (4.1.6) lib/active_support/callbacks.rb:166:in `block in halting'
  activesupport (4.1.6) lib/active_support/callbacks.rb:86:in `call'
  activesupport (4.1.6) lib/active_support/callbacks.rb:86:in `run_callbacks'
  actionpack (4.1.6) lib/abstract_controller/callbacks.rb:19:in `process_action'
  actionpack (4.1.6) lib/action_controller/metal/rescue.rb:29:in `process_action'
  actionpack (4.1.6) lib/action_controller/metal/instrumentation.rb:31:in `block in process_action'
  activesupport (4.1.6) lib/active_support/notifications.rb:159:in `block in instrument'
  activesupport (4.1.6) lib/active_support/notifications/instrumenter.rb:20:in `instrument'
  activesupport (4.1.6) lib/active_support/notifications.rb:159:in `instrument'
  actionpack (4.1.6) lib/action_controller/metal/instrumentation.rb:30:in `process_action'
  actionpack (4.1.6) lib/action_controller/metal/params_wrapper.rb:250:in `process_action'
  activerecord (4.1.6) lib/active_record/railties/controller_runtime.rb:18:in `process_action'
  actionpack (4.1.6) lib/abstract_controller/base.rb:136:in `process'
  actionview (4.1.6) lib/action_view/rendering.rb:30:in `process'
  actionpack (4.1.6) lib/action_controller/metal.rb:196:in `dispatch'
  actionpack (4.1.6) lib/action_controller/metal/rack_delegation.rb:13:in `dispatch'
  actionpack (4.1.6) lib/action_controller/metal.rb:232:in `block in action'
  actionpack (4.1.6) lib/action_dispatch/routing/route_set.rb:82:in `call'
  actionpack (4.1.6) lib/action_dispatch/routing/route_set.rb:82:in `dispatch'
  actionpack (4.1.6) lib/action_dispatch/routing/route_set.rb:50:in `call'
  actionpack (4.1.6) lib/action_dispatch/journey/router.rb:73:in `block in call'
  actionpack (4.1.6) lib/action_dispatch/journey/router.rb:59:in `each'
  actionpack (4.1.6) lib/action_dispatch/journey/router.rb:59:in `call'
  actionpack (4.1.6) lib/action_dispatch/routing/route_set.rb:678:in `call'
  rack (1.5.2) lib/rack/etag.rb:23:in `call'
  rack (1.5.2) lib/rack/conditionalget.rb:25:in `call'
  rack (1.5.2) lib/rack/head.rb:11:in `call'
  actionpack (4.1.6) lib/action_dispatch/middleware/params_parser.rb:27:in `call'
  actionpack (4.1.6) lib/action_dispatch/middleware/flash.rb:254:in `call'
  rack (1.5.2) lib/rack/session/abstract/id.rb:225:in `context'
  rack (1.5.2) lib/rack/session/abstract/id.rb:220:in `call'
  actionpack (4.1.6) lib/action_dispatch/middleware/cookies.rb:560:in `call'
  activerecord (4.1.6) lib/active_record/query_cache.rb:36:in `call'
  activerecord (4.1.6) lib/active_record/connection_adapters/abstract/connection_pool.rb:621:in `call'
  activerecord (4.1.6) lib/active_record/migration.rb:380:in `call'
  actionpack (4.1.6) lib/action_dispatch/middleware/callbacks.rb:29:in `block in call'
  activesupport (4.1.6) lib/active_support/callbacks.rb:82:in `run_callbacks'
  actionpack (4.1.6) lib/action_dispatch/middleware/callbacks.rb:27:in `call'
  actionpack (4.1.6) lib/action_dispatch/middleware/reloader.rb:73:in `call'
  actionpack (4.1.6) lib/action_dispatch/middleware/remote_ip.rb:76:in `call'
  actionpack (4.1.6) lib/action_dispatch/middleware/debug_exceptions.rb:17:in `call'
  actionpack (4.1.6) lib/action_dispatch/middleware/show_exceptions.rb:30:in `call'
  railties (4.1.6) lib/rails/rack/logger.rb:38:in `call_app'
  railties (4.1.6) lib/rails/rack/logger.rb:20:in `block in call'
  activesupport (4.1.6) lib/active_support/tagged_logging.rb:68:in `block in tagged'
  activesupport (4.1.6) lib/active_support/tagged_logging.rb:26:in `tagged'
  activesupport (4.1.6) lib/active_support/tagged_logging.rb:68:in `tagged'
  railties (4.1.6) lib/rails/rack/logger.rb:20:in `call'
  actionpack (4.1.6) lib/action_dispatch/middleware/request_id.rb:21:in `call'
  rack (1.5.2) lib/rack/methodoverride.rb:21:in `call'
  rack (1.5.2) lib/rack/runtime.rb:17:in `call'
  activesupport (4.1.6) lib/active_support/cache/strategy/local_cache_middleware.rb:26:in `call'
  rack (1.5.2) lib/rack/lock.rb:17:in `call'
  actionpack (4.1.6) lib/action_dispatch/middleware/static.rb:64:in `call'
  rack (1.5.2) lib/rack/sendfile.rb:112:in `call'
  railties (4.1.6) lib/rails/engine.rb:514:in `call'
  railties (4.1.6) lib/rails/application.rb:144:in `call'
  rack (1.5.2) lib/rack/content_length.rb:14:in `call'
  thin (1.6.1) lib/thin/connection.rb:82:in `block in pre_process'
  thin (1.6.1) lib/thin/connection.rb:80:in `catch'
  thin (1.6.1) lib/thin/connection.rb:80:in `pre_process'
  thin (1.6.1) lib/thin/connection.rb:55:in `process'
  thin (1.6.1) lib/thin/connection.rb:41:in `receive_data'
  eventmachine (1.0.3) lib/eventmachine.rb:187:in `run_machine'
  eventmachine (1.0.3) lib/eventmachine.rb:187:in `run'
  thin (1.6.1) lib/thin/backends/base.rb:73:in `start'
  thin (1.6.1) lib/thin/server.rb:162:in `start'
  rack (1.5.2) lib/rack/handler/thin.rb:16:in `run'
  rack (1.5.2) lib/rack/server.rb:264:in `start'
  railties (4.1.6) lib/rails/commands/server.rb:69:in `start'
  railties (4.1.6) lib/rails/commands/commands_tasks.rb:81:in `block in server'
  railties (4.1.6) lib/rails/commands/commands_tasks.rb:76:in `tap'
  railties (4.1.6) lib/rails/commands/commands_tasks.rb:76:in `server'
  railties (4.1.6) lib/rails/commands/commands_tasks.rb:40:in `run_command!'
  railties (4.1.6) lib/rails/commands.rb:17:in `<top (required)>'
  bin/rails:8:in `require'
  bin/rails:8:in `<top (required)>'
  spring (1.3.4) lib/spring/client/rails.rb:28:in `load'
  spring (1.3.4) lib/spring/client/rails.rb:28:in `call'
  spring (1.3.4) lib/spring/client/command.rb:7:in `call'
  spring (1.3.4) lib/spring/client.rb:26:in `run'
  spring (1.3.4) bin/spring:48:in `<top (required)>'
  spring (1.3.4) lib/spring/binstub.rb:11:in `load'
  spring (1.3.4) lib/spring/binstub.rb:11:in `<top (required)>'
  /Users/apprentice/.rbenv/versions/2.0.0-p353/lib/ruby/2.0.0/rubygems/core_ext/kernel_require.rb:53:in `require'
  /Users/apprentice/.rbenv/versions/2.0.0-p353/lib/ruby/2.0.0/rubygems/core_ext/kernel_require.rb:53:in `require'
  bin/spring:13:in `<top (required)>'
  bin/rails:3:in `load'
  bin/rails:3:in `<main>'


  Rendered /Users/apprentice/.rbenv/versions/2.0.0-p353/lib/ruby/gems/2.0.0/gems/actionpack-4.1.6/lib/action_dispatch/middleware/templates/rescues/missing_template.html.erb within rescues/layout (0.5ms)


Started GET "/articles/new" for 127.0.0.1 at 2015-04-06 16:17:25 -0700
Processing by ArticlesController#new as HTML
  Rendered articles/new.html.erb within layouts/application (0.4ms)
Completed 200 OK in 221ms (Views: 220.5ms | ActiveRecord: 0.0ms)


Started GET "/assets/articles.css?body=1" for 127.0.0.1 at 2015-04-06 16:17:25 -0700


Started GET "/assets/welcome.css?body=1" for 127.0.0.1 at 2015-04-06 16:17:25 -0700


Started GET "/assets/application.css?body=1" for 127.0.0.1 at 2015-04-06 16:17:25 -0700


Started GET "/assets/articles.js?body=1" for 127.0.0.1 at 2015-04-06 16:17:25 -0700


Started GET "/assets/turbolinks.js?body=1" for 127.0.0.1 at 2015-04-06 16:17:25 -0700


Started GET "/assets/jquery.js?body=1" for 127.0.0.1 at 2015-04-06 16:17:25 -0700


Started GET "/assets/jquery_ujs.js?body=1" for 127.0.0.1 at 2015-04-06 16:17:25 -0700


Started GET "/assets/welcome.js?body=1" for 127.0.0.1 at 2015-04-06 16:17:25 -0700


Started GET "/assets/application.js?body=1" for 127.0.0.1 at 2015-04-06 16:17:25 -0700


Started GET "/articles/new" for 127.0.0.1 at 2015-04-06 16:18:49 -0700
Processing by ArticlesController#new as HTML
  Rendered articles/new.html.erb within layouts/application (75.3ms)
Completed 200 OK in 124ms (Views: 122.8ms | ActiveRecord: 0.0ms)


Started GET "/assets/articles.css?body=1" for 127.0.0.1 at 2015-04-06 16:18:49 -0700


Started GET "/assets/welcome.css?body=1" for 127.0.0.1 at 2015-04-06 16:18:49 -0700


Started GET "/assets/application.css?body=1" for 127.0.0.1 at 2015-04-06 16:18:49 -0700


Started GET "/assets/jquery.js?body=1" for 127.0.0.1 at 2015-04-06 16:18:49 -0700


Started GET "/assets/jquery_ujs.js?body=1" for 127.0.0.1 at 2015-04-06 16:18:49 -0700


Started GET "/assets/turbolinks.js?body=1" for 127.0.0.1 at 2015-04-06 16:18:49 -0700


Started GET "/assets/articles.js?body=1" for 127.0.0.1 at 2015-04-06 16:18:49 -0700


Started GET "/assets/welcome.js?body=1" for 127.0.0.1 at 2015-04-06 16:18:49 -0700


Started GET "/assets/application.js?body=1" for 127.0.0.1 at 2015-04-06 16:18:49 -0700


Started GET "/assets/articles.css?body=1" for 127.0.0.1 at 2015-04-06 16:19:36 -0700


Started GET "/assets/welcome.css?body=1" for 127.0.0.1 at 2015-04-06 16:19:36 -0700


Started GET "/assets/application.css?body=1" for 127.0.0.1 at 2015-04-06 16:19:36 -0700


Started GET "/articles/new" for 127.0.0.1 at 2015-04-06 16:21:25 -0700
Processing by ArticlesController#new as HTML
  Rendered articles/new.html.erb within layouts/application (2.5ms)
Completed 200 OK in 94ms (Views: 93.4ms | ActiveRecord: 0.0ms)


Started GET "/assets/articles.css?body=1" for 127.0.0.1 at 2015-04-06 16:21:25 -0700


Started GET "/assets/welcome.css?body=1" for 127.0.0.1 at 2015-04-06 16:21:25 -0700


Started GET "/assets/application.css?body=1" for 127.0.0.1 at 2015-04-06 16:21:25 -0700


Started GET "/assets/jquery.js?body=1" for 127.0.0.1 at 2015-04-06 16:21:25 -0700


Started GET "/assets/jquery_ujs.js?body=1" for 127.0.0.1 at 2015-04-06 16:21:25 -0700


Started GET "/assets/turbolinks.js?body=1" for 127.0.0.1 at 2015-04-06 16:21:25 -0700


Started GET "/assets/articles.js?body=1" for 127.0.0.1 at 2015-04-06 16:21:25 -0700


Started GET "/assets/welcome.js?body=1" for 127.0.0.1 at 2015-04-06 16:21:25 -0700


Started GET "/assets/application.js?body=1" for 127.0.0.1 at 2015-04-06 16:21:25 -0700


Started GET "/articles/new" for 127.0.0.1 at 2015-04-06 16:21:30 -0700
Processing by ArticlesController#new as HTML
  Rendered articles/new.html.erb within layouts/application (1.5ms)
Completed 200 OK in 49ms (Views: 48.7ms | ActiveRecord: 0.0ms)


Started GET "/assets/articles.css?body=1" for 127.0.0.1 at 2015-04-06 16:21:30 -0700


Started GET "/assets/welcome.css?body=1" for 127.0.0.1 at 2015-04-06 16:21:30 -0700


Started GET "/assets/application.css?body=1" for 127.0.0.1 at 2015-04-06 16:21:30 -0700


Started GET "/assets/jquery.js?body=1" for 127.0.0.1 at 2015-04-06 16:21:30 -0700


Started GET "/assets/jquery_ujs.js?body=1" for 127.0.0.1 at 2015-04-06 16:21:30 -0700


Started GET "/assets/turbolinks.js?body=1" for 127.0.0.1 at 2015-04-06 16:21:30 -0700


Started GET "/assets/articles.js?body=1" for 127.0.0.1 at 2015-04-06 16:21:30 -0700


Started GET "/assets/welcome.js?body=1" for 127.0.0.1 at 2015-04-06 16:21:30 -0700


Started GET "/assets/application.js?body=1" for 127.0.0.1 at 2015-04-06 16:21:30 -0700


Started POST "/articles" for 127.0.0.1 at 2015-04-06 16:23:11 -0700

AbstractController::ActionNotFound (The action 'create' could not be found for ArticlesController):
  actionpack (4.1.6) lib/abstract_controller/base.rb:131:in `process'
  actionview (4.1.6) lib/action_view/rendering.rb:30:in `process'
  actionpack (4.1.6) lib/action_controller/metal.rb:196:in `dispatch'
  actionpack (4.1.6) lib/action_controller/metal/rack_delegation.rb:13:in `dispatch'
  actionpack (4.1.6) lib/action_controller/metal.rb:232:in `block in action'
  actionpack (4.1.6) lib/action_dispatch/routing/route_set.rb:82:in `call'
  actionpack (4.1.6) lib/action_dispatch/routing/route_set.rb:82:in `dispatch'
  actionpack (4.1.6) lib/action_dispatch/routing/route_set.rb:50:in `call'
  actionpack (4.1.6) lib/action_dispatch/journey/router.rb:73:in `block in call'
  actionpack (4.1.6) lib/action_dispatch/journey/router.rb:59:in `each'
  actionpack (4.1.6) lib/action_dispatch/journey/router.rb:59:in `call'
  actionpack (4.1.6) lib/action_dispatch/routing/route_set.rb:678:in `call'
  rack (1.5.2) lib/rack/etag.rb:23:in `call'
  rack (1.5.2) lib/rack/conditionalget.rb:35:in `call'
  rack (1.5.2) lib/rack/head.rb:11:in `call'
  actionpack (4.1.6) lib/action_dispatch/middleware/params_parser.rb:27:in `call'
  actionpack (4.1.6) lib/action_dispatch/middleware/flash.rb:254:in `call'
  rack (1.5.2) lib/rack/session/abstract/id.rb:225:in `context'
  rack (1.5.2) lib/rack/session/abstract/id.rb:220:in `call'
  actionpack (4.1.6) lib/action_dispatch/middleware/cookies.rb:560:in `call'
  activerecord (4.1.6) lib/active_record/query_cache.rb:36:in `call'
  activerecord (4.1.6) lib/active_record/connection_adapters/abstract/connection_pool.rb:621:in `call'
  activerecord (4.1.6) lib/active_record/migration.rb:380:in `call'
  actionpack (4.1.6) lib/action_dispatch/middleware/callbacks.rb:29:in `block in call'
  activesupport (4.1.6) lib/active_support/callbacks.rb:82:in `run_callbacks'
  actionpack (4.1.6) lib/action_dispatch/middleware/callbacks.rb:27:in `call'
  actionpack (4.1.6) lib/action_dispatch/middleware/reloader.rb:73:in `call'
  actionpack (4.1.6) lib/action_dispatch/middleware/remote_ip.rb:76:in `call'
  actionpack (4.1.6) lib/action_dispatch/middleware/debug_exceptions.rb:17:in `call'
  actionpack (4.1.6) lib/action_dispatch/middleware/show_exceptions.rb:30:in `call'
  railties (4.1.6) lib/rails/rack/logger.rb:38:in `call_app'
  railties (4.1.6) lib/rails/rack/logger.rb:20:in `block in call'
  activesupport (4.1.6) lib/active_support/tagged_logging.rb:68:in `block in tagged'
  activesupport (4.1.6) lib/active_support/tagged_logging.rb:26:in `tagged'
  activesupport (4.1.6) lib/active_support/tagged_logging.rb:68:in `tagged'
  railties (4.1.6) lib/rails/rack/logger.rb:20:in `call'
  actionpack (4.1.6) lib/action_dispatch/middleware/request_id.rb:21:in `call'
  rack (1.5.2) lib/rack/methodoverride.rb:21:in `call'
  rack (1.5.2) lib/rack/runtime.rb:17:in `call'
  activesupport (4.1.6) lib/active_support/cache/strategy/local_cache_middleware.rb:26:in `call'
  rack (1.5.2) lib/rack/lock.rb:17:in `call'
  actionpack (4.1.6) lib/action_dispatch/middleware/static.rb:64:in `call'
  rack (1.5.2) lib/rack/sendfile.rb:112:in `call'
  railties (4.1.6) lib/rails/engine.rb:514:in `call'
  railties (4.1.6) lib/rails/application.rb:144:in `call'
  rack (1.5.2) lib/rack/content_length.rb:14:in `call'
  thin (1.6.1) lib/thin/connection.rb:82:in `block in pre_process'
  thin (1.6.1) lib/thin/connection.rb:80:in `catch'
  thin (1.6.1) lib/thin/connection.rb:80:in `pre_process'
  thin (1.6.1) lib/thin/connection.rb:55:in `process'
  thin (1.6.1) lib/thin/connection.rb:41:in `receive_data'
  eventmachine (1.0.3) lib/eventmachine.rb:187:in `run_machine'
  eventmachine (1.0.3) lib/eventmachine.rb:187:in `run'
  thin (1.6.1) lib/thin/backends/base.rb:73:in `start'
  thin (1.6.1) lib/thin/server.rb:162:in `start'
  rack (1.5.2) lib/rack/handler/thin.rb:16:in `run'
  rack (1.5.2) lib/rack/server.rb:264:in `start'
  railties (4.1.6) lib/rails/commands/server.rb:69:in `start'
  railties (4.1.6) lib/rails/commands/commands_tasks.rb:81:in `block in server'
  railties (4.1.6) lib/rails/commands/commands_tasks.rb:76:in `tap'
  railties (4.1.6) lib/rails/commands/commands_tasks.rb:76:in `server'
  railties (4.1.6) lib/rails/commands/commands_tasks.rb:40:in `run_command!'
  railties (4.1.6) lib/rails/commands.rb:17:in `<top (required)>'
  bin/rails:8:in `require'
  bin/rails:8:in `<top (required)>'
  spring (1.3.4) lib/spring/client/rails.rb:28:in `load'
  spring (1.3.4) lib/spring/client/rails.rb:28:in `call'
  spring (1.3.4) lib/spring/client/command.rb:7:in `call'
  spring (1.3.4) lib/spring/client.rb:26:in `run'
  spring (1.3.4) bin/spring:48:in `<top (required)>'
  spring (1.3.4) lib/spring/binstub.rb:11:in `load'
  spring (1.3.4) lib/spring/binstub.rb:11:in `<top (required)>'
  /Users/apprentice/.rbenv/versions/2.0.0-p353/lib/ruby/2.0.0/rubygems/core_ext/kernel_require.rb:53:in `require'
  /Users/apprentice/.rbenv/versions/2.0.0-p353/lib/ruby/2.0.0/rubygems/core_ext/kernel_require.rb:53:in `require'
  bin/spring:13:in `<top (required)>'
  bin/rails:3:in `load'
  bin/rails:3:in `<main>'


  Rendered /Users/apprentice/.rbenv/versions/2.0.0-p353/lib/ruby/gems/2.0.0/gems/actionpack-4.1.6/lib/action_dispatch/middleware/templates/rescues/unknown_action.html.erb within rescues/layout (0.5ms)


Started POST "/articles" for 127.0.0.1 at 2015-04-06 16:23:41 -0700
Processing by ArticlesController#create as HTML
  Parameters: {"utf8"=>"✓", "authenticity_token"=>"oQ4+Ymw3iXj/aL6xXB/egyFss33Svg14p43Zq+FiEG0=", "article"=>{"title"=>"wakawakawaka", "text"=>"this ain goin work"}, "commit"=>"Save Article"}
Completed 500 Internal Server Error in 2ms

ActionView::MissingTemplate (Missing template articles/create, application/create with {:locale=>[:en], :formats=>[:html], :variants=>[], :handlers=>[:erb, :builder, :raw, :ruby, :coffee, :jbuilder]}. Searched in:
  * "/Users/apprentice/Desktop/blog/app/views"
):
  actionview (4.1.6) lib/action_view/path_set.rb:46:in `find'
  actionview (4.1.6) lib/action_view/lookup_context.rb:124:in `find'
  actionview (4.1.6) lib/action_view/renderer/abstract_renderer.rb:18:in `find_template'
  actionview (4.1.6) lib/action_view/renderer/template_renderer.rb:41:in `determine_template'
  actionview (4.1.6) lib/action_view/renderer/template_renderer.rb:8:in `render'
  actionview (4.1.6) lib/action_view/renderer/renderer.rb:42:in `render_template'
  actionview (4.1.6) lib/action_view/renderer/renderer.rb:23:in `render'
  actionview (4.1.6) lib/action_view/rendering.rb:99:in `_render_template'
  actionpack (4.1.6) lib/action_controller/metal/streaming.rb:217:in `_render_template'
  actionview (4.1.6) lib/action_view/rendering.rb:82:in `render_to_body'
  actionpack (4.1.6) lib/action_controller/metal/rendering.rb:32:in `render_to_body'
  actionpack (4.1.6) lib/action_controller/metal/renderers.rb:32:in `render_to_body'
  actionpack (4.1.6) lib/abstract_controller/rendering.rb:25:in `render'
  actionpack (4.1.6) lib/action_controller/metal/rendering.rb:16:in `render'
  actionpack (4.1.6) lib/action_controller/metal/instrumentation.rb:41:in `block (2 levels) in render'
  activesupport (4.1.6) lib/active_support/core_ext/benchmark.rb:12:in `block in ms'
  /Users/apprentice/.rbenv/versions/2.0.0-p353/lib/ruby/2.0.0/benchmark.rb:296:in `realtime'
  activesupport (4.1.6) lib/active_support/core_ext/benchmark.rb:12:in `ms'
  actionpack (4.1.6) lib/action_controller/metal/instrumentation.rb:41:in `block in render'
  actionpack (4.1.6) lib/action_controller/metal/instrumentation.rb:84:in `cleanup_view_runtime'
  activerecord (4.1.6) lib/active_record/railties/controller_runtime.rb:25:in `cleanup_view_runtime'
  actionpack (4.1.6) lib/action_controller/metal/instrumentation.rb:40:in `render'
  actionpack (4.1.6) lib/action_controller/metal/implicit_render.rb:10:in `default_render'
  actionpack (4.1.6) lib/action_controller/metal/implicit_render.rb:5:in `send_action'
  actionpack (4.1.6) lib/abstract_controller/base.rb:189:in `process_action'
  actionpack (4.1.6) lib/action_controller/metal/rendering.rb:10:in `process_action'
  actionpack (4.1.6) lib/abstract_controller/callbacks.rb:20:in `block in process_action'
  activesupport (4.1.6) lib/active_support/callbacks.rb:113:in `call'
  activesupport (4.1.6) lib/active_support/callbacks.rb:113:in `call'
  activesupport (4.1.6) lib/active_support/callbacks.rb:229:in `block in halting'
  activesupport (4.1.6) lib/active_support/callbacks.rb:229:in `call'
  activesupport (4.1.6) lib/active_support/callbacks.rb:229:in `block in halting'
  activesupport (4.1.6) lib/active_support/callbacks.rb:166:in `call'
  activesupport (4.1.6) lib/active_support/callbacks.rb:166:in `block in halting'
  activesupport (4.1.6) lib/active_support/callbacks.rb:166:in `call'
  activesupport (4.1.6) lib/active_support/callbacks.rb:166:in `block in halting'
  activesupport (4.1.6) lib/active_support/callbacks.rb:166:in `call'
  activesupport (4.1.6) lib/active_support/callbacks.rb:166:in `block in halting'
  activesupport (4.1.6) lib/active_support/callbacks.rb:86:in `call'
  activesupport (4.1.6) lib/active_support/callbacks.rb:86:in `run_callbacks'
  actionpack (4.1.6) lib/abstract_controller/callbacks.rb:19:in `process_action'
  actionpack (4.1.6) lib/action_controller/metal/rescue.rb:29:in `process_action'
  actionpack (4.1.6) lib/action_controller/metal/instrumentation.rb:31:in `block in process_action'
  activesupport (4.1.6) lib/active_support/notifications.rb:159:in `block in instrument'
  activesupport (4.1.6) lib/active_support/notifications/instrumenter.rb:20:in `instrument'
  activesupport (4.1.6) lib/active_support/notifications.rb:159:in `instrument'
  actionpack (4.1.6) lib/action_controller/metal/instrumentation.rb:30:in `process_action'
  actionpack (4.1.6) lib/action_controller/metal/params_wrapper.rb:250:in `process_action'
  activerecord (4.1.6) lib/active_record/railties/controller_runtime.rb:18:in `process_action'
  actionpack (4.1.6) lib/abstract_controller/base.rb:136:in `process'
  actionview (4.1.6) lib/action_view/rendering.rb:30:in `process'
  actionpack (4.1.6) lib/action_controller/metal.rb:196:in `dispatch'
  actionpack (4.1.6) lib/action_controller/metal/rack_delegation.rb:13:in `dispatch'
  actionpack (4.1.6) lib/action_controller/metal.rb:232:in `block in action'
  actionpack (4.1.6) lib/action_dispatch/routing/route_set.rb:82:in `call'
  actionpack (4.1.6) lib/action_dispatch/routing/route_set.rb:82:in `dispatch'
  actionpack (4.1.6) lib/action_dispatch/routing/route_set.rb:50:in `call'
  actionpack (4.1.6) lib/action_dispatch/journey/router.rb:73:in `block in call'
  actionpack (4.1.6) lib/action_dispatch/journey/router.rb:59:in `each'
  actionpack (4.1.6) lib/action_dispatch/journey/router.rb:59:in `call'
  actionpack (4.1.6) lib/action_dispatch/routing/route_set.rb:678:in `call'
  rack (1.5.2) lib/rack/etag.rb:23:in `call'
  rack (1.5.2) lib/rack/conditionalget.rb:35:in `call'
  rack (1.5.2) lib/rack/head.rb:11:in `call'
  actionpack (4.1.6) lib/action_dispatch/middleware/params_parser.rb:27:in `call'
  actionpack (4.1.6) lib/action_dispatch/middleware/flash.rb:254:in `call'
  rack (1.5.2) lib/rack/session/abstract/id.rb:225:in `context'
  rack (1.5.2) lib/rack/session/abstract/id.rb:220:in `call'
  actionpack (4.1.6) lib/action_dispatch/middleware/cookies.rb:560:in `call'
  activerecord (4.1.6) lib/active_record/query_cache.rb:36:in `call'
  activerecord (4.1.6) lib/active_record/connection_adapters/abstract/connection_pool.rb:621:in `call'
  activerecord (4.1.6) lib/active_record/migration.rb:380:in `call'
  actionpack (4.1.6) lib/action_dispatch/middleware/callbacks.rb:29:in `block in call'
  activesupport (4.1.6) lib/active_support/callbacks.rb:82:in `run_callbacks'
  actionpack (4.1.6) lib/action_dispatch/middleware/callbacks.rb:27:in `call'
  actionpack (4.1.6) lib/action_dispatch/middleware/reloader.rb:73:in `call'
  actionpack (4.1.6) lib/action_dispatch/middleware/remote_ip.rb:76:in `call'
  actionpack (4.1.6) lib/action_dispatch/middleware/debug_exceptions.rb:17:in `call'
  actionpack (4.1.6) lib/action_dispatch/middleware/show_exceptions.rb:30:in `call'
  railties (4.1.6) lib/rails/rack/logger.rb:38:in `call_app'
  railties (4.1.6) lib/rails/rack/logger.rb:20:in `block in call'
  activesupport (4.1.6) lib/active_support/tagged_logging.rb:68:in `block in tagged'
  activesupport (4.1.6) lib/active_support/tagged_logging.rb:26:in `tagged'
  activesupport (4.1.6) lib/active_support/tagged_logging.rb:68:in `tagged'
  railties (4.1.6) lib/rails/rack/logger.rb:20:in `call'
  actionpack (4.1.6) lib/action_dispatch/middleware/request_id.rb:21:in `call'
  rack (1.5.2) lib/rack/methodoverride.rb:21:in `call'
  rack (1.5.2) lib/rack/runtime.rb:17:in `call'
  activesupport (4.1.6) lib/active_support/cache/strategy/local_cache_middleware.rb:26:in `call'
  rack (1.5.2) lib/rack/lock.rb:17:in `call'
  actionpack (4.1.6) lib/action_dispatch/middleware/static.rb:64:in `call'
  rack (1.5.2) lib/rack/sendfile.rb:112:in `call'
  railties (4.1.6) lib/rails/engine.rb:514:in `call'
  railties (4.1.6) lib/rails/application.rb:144:in `call'
  rack (1.5.2) lib/rack/content_length.rb:14:in `call'
  thin (1.6.1) lib/thin/connection.rb:82:in `block in pre_process'
  thin (1.6.1) lib/thin/connection.rb:80:in `catch'
  thin (1.6.1) lib/thin/connection.rb:80:in `pre_process'
  thin (1.6.1) lib/thin/connection.rb:55:in `process'
  thin (1.6.1) lib/thin/connection.rb:41:in `receive_data'
  eventmachine (1.0.3) lib/eventmachine.rb:187:in `run_machine'
  eventmachine (1.0.3) lib/eventmachine.rb:187:in `run'
  thin (1.6.1) lib/thin/backends/base.rb:73:in `start'
  thin (1.6.1) lib/thin/server.rb:162:in `start'
  rack (1.5.2) lib/rack/handler/thin.rb:16:in `run'
  rack (1.5.2) lib/rack/server.rb:264:in `start'
  railties (4.1.6) lib/rails/commands/server.rb:69:in `start'
  railties (4.1.6) lib/rails/commands/commands_tasks.rb:81:in `block in server'
  railties (4.1.6) lib/rails/commands/commands_tasks.rb:76:in `tap'
  railties (4.1.6) lib/rails/commands/commands_tasks.rb:76:in `server'
  railties (4.1.6) lib/rails/commands/commands_tasks.rb:40:in `run_command!'
  railties (4.1.6) lib/rails/commands.rb:17:in `<top (required)>'
  bin/rails:8:in `require'
  bin/rails:8:in `<top (required)>'
  spring (1.3.4) lib/spring/client/rails.rb:28:in `load'
  spring (1.3.4) lib/spring/client/rails.rb:28:in `call'
  spring (1.3.4) lib/spring/client/command.rb:7:in `call'
  spring (1.3.4) lib/spring/client.rb:26:in `run'
  spring (1.3.4) bin/spring:48:in `<top (required)>'
  spring (1.3.4) lib/spring/binstub.rb:11:in `load'
  spring (1.3.4) lib/spring/binstub.rb:11:in `<top (required)>'
  /Users/apprentice/.rbenv/versions/2.0.0-p353/lib/ruby/2.0.0/rubygems/core_ext/kernel_require.rb:53:in `require'
  /Users/apprentice/.rbenv/versions/2.0.0-p353/lib/ruby/2.0.0/rubygems/core_ext/kernel_require.rb:53:in `require'
  bin/spring:13:in `<top (required)>'
  bin/rails:3:in `load'
  bin/rails:3:in `<main>'


  Rendered /Users/apprentice/.rbenv/versions/2.0.0-p353/lib/ruby/gems/2.0.0/gems/actionpack-4.1.6/lib/action_dispatch/middleware/templates/rescues/missing_template.html.erb within rescues/layout (0.5ms)


Started POST "/articles" for 127.0.0.1 at 2015-04-06 16:24:37 -0700
Processing by ArticlesController#create as HTML
  Parameters: {"utf8"=>"✓", "authenticity_token"=>"oQ4+Ymw3iXj/aL6xXB/egyFss33Svg14p43Zq+FiEG0=", "article"=>{"title"=>"wakawakawaka", "text"=>"this ain goin work"}, "commit"=>"Save Article"}
  Rendered text template (0.0ms)
Completed 200 OK in 38ms (Views: 36.8ms | ActiveRecord: 0.0ms)
  [1m[36m (2.8ms)[0m  [1mCREATE TABLE "schema_migrations" ("version" varchar(255) NOT NULL) [0m
  [1m[35m (0.1ms)[0m  select sqlite_version(*)
  [1m[36m (1.8ms)[0m  [1mCREATE UNIQUE INDEX "unique_schema_migrations" ON "schema_migrations" ("version")[0m
  [1m[35mActiveRecord::SchemaMigration Load (0.1ms)[0m  SELECT "schema_migrations".* FROM "schema_migrations"
Migrating to CreateArticles (20150406232701)
  [1m[36m (0.1ms)[0m  [1mbegin transaction[0m
  [1m[35m (0.6ms)[0m  CREATE TABLE "articles" ("id" INTEGER PRIMARY KEY AUTOINCREMENT NOT NULL, "title" varchar(255), "text" text, "created_at" datetime, "updated_at" datetime) 
  [1m[36mSQL (0.3ms)[0m  [1mINSERT INTO "schema_migrations" ("version") VALUES (?)[0m  [["version", "20150406232701"]]
  [1m[35m (1.5ms)[0m  commit transaction
  [1m[36mActiveRecord::SchemaMigration Load (0.1ms)[0m  [1mSELECT "schema_migrations".* FROM "schema_migrations"[0m


Started GET "/articles/new" for 127.0.0.1 at 2015-04-06 16:31:38 -0700
  [1m[36mActiveRecord::SchemaMigration Load (0.1ms)[0m  [1mSELECT "schema_migrations".* FROM "schema_migrations"[0m
Processing by ArticlesController#new as HTML
  Rendered articles/new.html.erb within layouts/application (1.1ms)
Completed 200 OK in 45ms (Views: 44.5ms | ActiveRecord: 0.0ms)


Started GET "/assets/articles.css?body=1" for 127.0.0.1 at 2015-04-06 16:31:38 -0700


Started GET "/assets/welcome.css?body=1" for 127.0.0.1 at 2015-04-06 16:31:38 -0700


Started GET "/assets/application.css?body=1" for 127.0.0.1 at 2015-04-06 16:31:38 -0700


Started GET "/assets/jquery.js?body=1" for 127.0.0.1 at 2015-04-06 16:31:38 -0700


Started GET "/assets/jquery_ujs.js?body=1" for 127.0.0.1 at 2015-04-06 16:31:38 -0700


Started GET "/assets/turbolinks.js?body=1" for 127.0.0.1 at 2015-04-06 16:31:38 -0700


Started GET "/assets/articles.js?body=1" for 127.0.0.1 at 2015-04-06 16:31:38 -0700


Started GET "/assets/welcome.js?body=1" for 127.0.0.1 at 2015-04-06 16:31:38 -0700


Started GET "/assets/application.js?body=1" for 127.0.0.1 at 2015-04-06 16:31:38 -0700


Started POST "/articles" for 127.0.0.1 at 2015-04-06 16:31:45 -0700
Processing by ArticlesController#create as HTML
  Parameters: {"utf8"=>"✓", "authenticity_token"=>"oQ4+Ymw3iXj/aL6xXB/egyFss33Svg14p43Zq+FiEG0=", "article"=>{"title"=>"work", "text"=>"this shiz best work"}, "commit"=>"Save Article"}
Completed 500 Internal Server Error in 5ms

ActiveModel::ForbiddenAttributesError (ActiveModel::ForbiddenAttributesError):
  app/controllers/articles_controller.rb:6:in `create'


  Rendered /Users/apprentice/.rbenv/versions/2.0.0-p353/lib/ruby/gems/2.0.0/gems/actionpack-4.1.6/lib/action_dispatch/middleware/templates/rescues/_source.erb (0.8ms)
  Rendered /Users/apprentice/.rbenv/versions/2.0.0-p353/lib/ruby/gems/2.0.0/gems/actionpack-4.1.6/lib/action_dispatch/middleware/templates/rescues/_trace.html.erb (1.2ms)
  Rendered /Users/apprentice/.rbenv/versions/2.0.0-p353/lib/ruby/gems/2.0.0/gems/actionpack-4.1.6/lib/action_dispatch/middleware/templates/rescues/_request_and_response.html.erb (1.1ms)
  Rendered /Users/apprentice/.rbenv/versions/2.0.0-p353/lib/ruby/gems/2.0.0/gems/actionpack-4.1.6/lib/action_dispatch/middleware/templates/rescues/diagnostics.erb within rescues/layout (24.5ms)


Started POST "/articles" for 127.0.0.1 at 2015-04-06 16:35:50 -0700
Processing by ArticlesController#create as HTML
  Parameters: {"utf8"=>"✓", "authenticity_token"=>"oQ4+Ymw3iXj/aL6xXB/egyFss33Svg14p43Zq+FiEG0=", "article"=>{"title"=>"work", "text"=>"this shiz best work"}, "commit"=>"Save Article"}
  [1m[35m (0.1ms)[0m  begin transaction
  [1m[36mSQL (0.6ms)[0m  [1mINSERT INTO "articles" ("created_at", "text", "title", "updated_at") VALUES (?, ?, ?, ?)[0m  [["created_at", "2015-04-06 23:35:50.541352"], ["text", "this shiz best work"], ["title", "work"], ["updated_at", "2015-04-06 23:35:50.541352"]]
  [1m[35m (2.5ms)[0m  commit transaction
Redirected to http://localhost:3000/articles/1
Completed 302 Found in 48ms (ActiveRecord: 3.8ms)


Started GET "/articles/1" for 127.0.0.1 at 2015-04-06 16:35:50 -0700

AbstractController::ActionNotFound (The action 'show' could not be found for ArticlesController):
  actionpack (4.1.6) lib/abstract_controller/base.rb:131:in `process'
  actionview (4.1.6) lib/action_view/rendering.rb:30:in `process'
  actionpack (4.1.6) lib/action_controller/metal.rb:196:in `dispatch'
  actionpack (4.1.6) lib/action_controller/metal/rack_delegation.rb:13:in `dispatch'
  actionpack (4.1.6) lib/action_controller/metal.rb:232:in `block in action'
  actionpack (4.1.6) lib/action_dispatch/routing/route_set.rb:82:in `call'
  actionpack (4.1.6) lib/action_dispatch/routing/route_set.rb:82:in `dispatch'
  actionpack (4.1.6) lib/action_dispatch/routing/route_set.rb:50:in `call'
  actionpack (4.1.6) lib/action_dispatch/journey/router.rb:73:in `block in call'
  actionpack (4.1.6) lib/action_dispatch/journey/router.rb:59:in `each'
  actionpack (4.1.6) lib/action_dispatch/journey/router.rb:59:in `call'
  actionpack (4.1.6) lib/action_dispatch/routing/route_set.rb:678:in `call'
  rack (1.5.2) lib/rack/etag.rb:23:in `call'
  rack (1.5.2) lib/rack/conditionalget.rb:25:in `call'
  rack (1.5.2) lib/rack/head.rb:11:in `call'
  actionpack (4.1.6) lib/action_dispatch/middleware/params_parser.rb:27:in `call'
  actionpack (4.1.6) lib/action_dispatch/middleware/flash.rb:254:in `call'
  rack (1.5.2) lib/rack/session/abstract/id.rb:225:in `context'
  rack (1.5.2) lib/rack/session/abstract/id.rb:220:in `call'
  actionpack (4.1.6) lib/action_dispatch/middleware/cookies.rb:560:in `call'
  activerecord (4.1.6) lib/active_record/query_cache.rb:36:in `call'
  activerecord (4.1.6) lib/active_record/connection_adapters/abstract/connection_pool.rb:621:in `call'
  activerecord (4.1.6) lib/active_record/migration.rb:380:in `call'
  actionpack (4.1.6) lib/action_dispatch/middleware/callbacks.rb:29:in `block in call'
  activesupport (4.1.6) lib/active_support/callbacks.rb:82:in `run_callbacks'
  actionpack (4.1.6) lib/action_dispatch/middleware/callbacks.rb:27:in `call'
  actionpack (4.1.6) lib/action_dispatch/middleware/reloader.rb:73:in `call'
  actionpack (4.1.6) lib/action_dispatch/middleware/remote_ip.rb:76:in `call'
  actionpack (4.1.6) lib/action_dispatch/middleware/debug_exceptions.rb:17:in `call'
  actionpack (4.1.6) lib/action_dispatch/middleware/show_exceptions.rb:30:in `call'
  railties (4.1.6) lib/rails/rack/logger.rb:38:in `call_app'
  railties (4.1.6) lib/rails/rack/logger.rb:20:in `block in call'
  activesupport (4.1.6) lib/active_support/tagged_logging.rb:68:in `block in tagged'
  activesupport (4.1.6) lib/active_support/tagged_logging.rb:26:in `tagged'
  activesupport (4.1.6) lib/active_support/tagged_logging.rb:68:in `tagged'
  railties (4.1.6) lib/rails/rack/logger.rb:20:in `call'
  actionpack (4.1.6) lib/action_dispatch/middleware/request_id.rb:21:in `call'
  rack (1.5.2) lib/rack/methodoverride.rb:21:in `call'
  rack (1.5.2) lib/rack/runtime.rb:17:in `call'
  activesupport (4.1.6) lib/active_support/cache/strategy/local_cache_middleware.rb:26:in `call'
  rack (1.5.2) lib/rack/lock.rb:17:in `call'
  actionpack (4.1.6) lib/action_dispatch/middleware/static.rb:64:in `call'
  rack (1.5.2) lib/rack/sendfile.rb:112:in `call'
  railties (4.1.6) lib/rails/engine.rb:514:in `call'
  railties (4.1.6) lib/rails/application.rb:144:in `call'
  rack (1.5.2) lib/rack/content_length.rb:14:in `call'
  thin (1.6.1) lib/thin/connection.rb:82:in `block in pre_process'
  thin (1.6.1) lib/thin/connection.rb:80:in `catch'
  thin (1.6.1) lib/thin/connection.rb:80:in `pre_process'
  thin (1.6.1) lib/thin/connection.rb:55:in `process'
  thin (1.6.1) lib/thin/connection.rb:41:in `receive_data'
  eventmachine (1.0.3) lib/eventmachine.rb:187:in `run_machine'
  eventmachine (1.0.3) lib/eventmachine.rb:187:in `run'
  thin (1.6.1) lib/thin/backends/base.rb:73:in `start'
  thin (1.6.1) lib/thin/server.rb:162:in `start'
  rack (1.5.2) lib/rack/handler/thin.rb:16:in `run'
  rack (1.5.2) lib/rack/server.rb:264:in `start'
  railties (4.1.6) lib/rails/commands/server.rb:69:in `start'
  railties (4.1.6) lib/rails/commands/commands_tasks.rb:81:in `block in server'
  railties (4.1.6) lib/rails/commands/commands_tasks.rb:76:in `tap'
  railties (4.1.6) lib/rails/commands/commands_tasks.rb:76:in `server'
  railties (4.1.6) lib/rails/commands/commands_tasks.rb:40:in `run_command!'
  railties (4.1.6) lib/rails/commands.rb:17:in `<top (required)>'
  bin/rails:8:in `require'
  bin/rails:8:in `<top (required)>'
  spring (1.3.4) lib/spring/client/rails.rb:28:in `load'
  spring (1.3.4) lib/spring/client/rails.rb:28:in `call'
  spring (1.3.4) lib/spring/client/command.rb:7:in `call'
  spring (1.3.4) lib/spring/client.rb:26:in `run'
  spring (1.3.4) bin/spring:48:in `<top (required)>'
  spring (1.3.4) lib/spring/binstub.rb:11:in `load'
  spring (1.3.4) lib/spring/binstub.rb:11:in `<top (required)>'
  /Users/apprentice/.rbenv/versions/2.0.0-p353/lib/ruby/2.0.0/rubygems/core_ext/kernel_require.rb:53:in `require'
  /Users/apprentice/.rbenv/versions/2.0.0-p353/lib/ruby/2.0.0/rubygems/core_ext/kernel_require.rb:53:in `require'
  bin/spring:13:in `<top (required)>'
  bin/rails:3:in `load'
  bin/rails:3:in `<main>'


  Rendered /Users/apprentice/.rbenv/versions/2.0.0-p353/lib/ruby/gems/2.0.0/gems/actionpack-4.1.6/lib/action_dispatch/middleware/templates/rescues/unknown_action.html.erb within rescues/layout (0.5ms)


Started GET "/articles/1" for 127.0.0.1 at 2015-04-06 16:36:52 -0700
Processing by ArticlesController#show as HTML
  Parameters: {"id"=>"1"}
  [1m[36mArticle Load (0.2ms)[0m  [1mSELECT  "articles".* FROM "articles"  WHERE "articles"."id" = ? LIMIT 1[0m  [["id", 1]]
Completed 500 Internal Server Error in 9ms

ActionView::MissingTemplate (Missing template articles/show, application/show with {:locale=>[:en], :formats=>[:html], :variants=>[], :handlers=>[:erb, :builder, :raw, :ruby, :coffee, :jbuilder]}. Searched in:
  * "/Users/apprentice/Desktop/blog/app/views"
):
  actionview (4.1.6) lib/action_view/path_set.rb:46:in `find'
  actionview (4.1.6) lib/action_view/lookup_context.rb:124:in `find'
  actionview (4.1.6) lib/action_view/renderer/abstract_renderer.rb:18:in `find_template'
  actionview (4.1.6) lib/action_view/renderer/template_renderer.rb:41:in `determine_template'
  actionview (4.1.6) lib/action_view/renderer/template_renderer.rb:8:in `render'
  actionview (4.1.6) lib/action_view/renderer/renderer.rb:42:in `render_template'
  actionview (4.1.6) lib/action_view/renderer/renderer.rb:23:in `render'
  actionview (4.1.6) lib/action_view/rendering.rb:99:in `_render_template'
  actionpack (4.1.6) lib/action_controller/metal/streaming.rb:217:in `_render_template'
  actionview (4.1.6) lib/action_view/rendering.rb:82:in `render_to_body'
  actionpack (4.1.6) lib/action_controller/metal/rendering.rb:32:in `render_to_body'
  actionpack (4.1.6) lib/action_controller/metal/renderers.rb:32:in `render_to_body'
  actionpack (4.1.6) lib/abstract_controller/rendering.rb:25:in `render'
  actionpack (4.1.6) lib/action_controller/metal/rendering.rb:16:in `render'
  actionpack (4.1.6) lib/action_controller/metal/instrumentation.rb:41:in `block (2 levels) in render'
  activesupport (4.1.6) lib/active_support/core_ext/benchmark.rb:12:in `block in ms'
  /Users/apprentice/.rbenv/versions/2.0.0-p353/lib/ruby/2.0.0/benchmark.rb:296:in `realtime'
  activesupport (4.1.6) lib/active_support/core_ext/benchmark.rb:12:in `ms'
  actionpack (4.1.6) lib/action_controller/metal/instrumentation.rb:41:in `block in render'
  actionpack (4.1.6) lib/action_controller/metal/instrumentation.rb:84:in `cleanup_view_runtime'
  activerecord (4.1.6) lib/active_record/railties/controller_runtime.rb:25:in `cleanup_view_runtime'
  actionpack (4.1.6) lib/action_controller/metal/instrumentation.rb:40:in `render'
  actionpack (4.1.6) lib/action_controller/metal/implicit_render.rb:10:in `default_render'
  actionpack (4.1.6) lib/action_controller/metal/implicit_render.rb:5:in `send_action'
  actionpack (4.1.6) lib/abstract_controller/base.rb:189:in `process_action'
  actionpack (4.1.6) lib/action_controller/metal/rendering.rb:10:in `process_action'
  actionpack (4.1.6) lib/abstract_controller/callbacks.rb:20:in `block in process_action'
  activesupport (4.1.6) lib/active_support/callbacks.rb:113:in `call'
  activesupport (4.1.6) lib/active_support/callbacks.rb:113:in `call'
  activesupport (4.1.6) lib/active_support/callbacks.rb:229:in `block in halting'
  activesupport (4.1.6) lib/active_support/callbacks.rb:229:in `call'
  activesupport (4.1.6) lib/active_support/callbacks.rb:229:in `block in halting'
  activesupport (4.1.6) lib/active_support/callbacks.rb:166:in `call'
  activesupport (4.1.6) lib/active_support/callbacks.rb:166:in `block in halting'
  activesupport (4.1.6) lib/active_support/callbacks.rb:166:in `call'
  activesupport (4.1.6) lib/active_support/callbacks.rb:166:in `block in halting'
  activesupport (4.1.6) lib/active_support/callbacks.rb:166:in `call'
  activesupport (4.1.6) lib/active_support/callbacks.rb:166:in `block in halting'
  activesupport (4.1.6) lib/active_support/callbacks.rb:86:in `call'
  activesupport (4.1.6) lib/active_support/callbacks.rb:86:in `run_callbacks'
  actionpack (4.1.6) lib/abstract_controller/callbacks.rb:19:in `process_action'
  actionpack (4.1.6) lib/action_controller/metal/rescue.rb:29:in `process_action'
  actionpack (4.1.6) lib/action_controller/metal/instrumentation.rb:31:in `block in process_action'
  activesupport (4.1.6) lib/active_support/notifications.rb:159:in `block in instrument'
  activesupport (4.1.6) lib/active_support/notifications/instrumenter.rb:20:in `instrument'
  activesupport (4.1.6) lib/active_support/notifications.rb:159:in `instrument'
  actionpack (4.1.6) lib/action_controller/metal/instrumentation.rb:30:in `process_action'
  actionpack (4.1.6) lib/action_controller/metal/params_wrapper.rb:250:in `process_action'
  activerecord (4.1.6) lib/active_record/railties/controller_runtime.rb:18:in `process_action'
  actionpack (4.1.6) lib/abstract_controller/base.rb:136:in `process'
  actionview (4.1.6) lib/action_view/rendering.rb:30:in `process'
  actionpack (4.1.6) lib/action_controller/metal.rb:196:in `dispatch'
  actionpack (4.1.6) lib/action_controller/metal/rack_delegation.rb:13:in `dispatch'
  actionpack (4.1.6) lib/action_controller/metal.rb:232:in `block in action'
  actionpack (4.1.6) lib/action_dispatch/routing/route_set.rb:82:in `call'
  actionpack (4.1.6) lib/action_dispatch/routing/route_set.rb:82:in `dispatch'
  actionpack (4.1.6) lib/action_dispatch/routing/route_set.rb:50:in `call'
  actionpack (4.1.6) lib/action_dispatch/journey/router.rb:73:in `block in call'
  actionpack (4.1.6) lib/action_dispatch/journey/router.rb:59:in `each'
  actionpack (4.1.6) lib/action_dispatch/journey/router.rb:59:in `call'
  actionpack (4.1.6) lib/action_dispatch/routing/route_set.rb:678:in `call'
  rack (1.5.2) lib/rack/etag.rb:23:in `call'
  rack (1.5.2) lib/rack/conditionalget.rb:25:in `call'
  rack (1.5.2) lib/rack/head.rb:11:in `call'
  actionpack (4.1.6) lib/action_dispatch/middleware/params_parser.rb:27:in `call'
  actionpack (4.1.6) lib/action_dispatch/middleware/flash.rb:254:in `call'
  rack (1.5.2) lib/rack/session/abstract/id.rb:225:in `context'
  rack (1.5.2) lib/rack/session/abstract/id.rb:220:in `call'
  actionpack (4.1.6) lib/action_dispatch/middleware/cookies.rb:560:in `call'
  activerecord (4.1.6) lib/active_record/query_cache.rb:36:in `call'
  activerecord (4.1.6) lib/active_record/connection_adapters/abstract/connection_pool.rb:621:in `call'
  activerecord (4.1.6) lib/active_record/migration.rb:380:in `call'
  actionpack (4.1.6) lib/action_dispatch/middleware/callbacks.rb:29:in `block in call'
  activesupport (4.1.6) lib/active_support/callbacks.rb:82:in `run_callbacks'
  actionpack (4.1.6) lib/action_dispatch/middleware/callbacks.rb:27:in `call'
  actionpack (4.1.6) lib/action_dispatch/middleware/reloader.rb:73:in `call'
  actionpack (4.1.6) lib/action_dispatch/middleware/remote_ip.rb:76:in `call'
  actionpack (4.1.6) lib/action_dispatch/middleware/debug_exceptions.rb:17:in `call'
  actionpack (4.1.6) lib/action_dispatch/middleware/show_exceptions.rb:30:in `call'
  railties (4.1.6) lib/rails/rack/logger.rb:38:in `call_app'
  railties (4.1.6) lib/rails/rack/logger.rb:20:in `block in call'
  activesupport (4.1.6) lib/active_support/tagged_logging.rb:68:in `block in tagged'
  activesupport (4.1.6) lib/active_support/tagged_logging.rb:26:in `tagged'
  activesupport (4.1.6) lib/active_support/tagged_logging.rb:68:in `tagged'
  railties (4.1.6) lib/rails/rack/logger.rb:20:in `call'
  actionpack (4.1.6) lib/action_dispatch/middleware/request_id.rb:21:in `call'
  rack (1.5.2) lib/rack/methodoverride.rb:21:in `call'
  rack (1.5.2) lib/rack/runtime.rb:17:in `call'
  activesupport (4.1.6) lib/active_support/cache/strategy/local_cache_middleware.rb:26:in `call'
  rack (1.5.2) lib/rack/lock.rb:17:in `call'
  actionpack (4.1.6) lib/action_dispatch/middleware/static.rb:64:in `call'
  rack (1.5.2) lib/rack/sendfile.rb:112:in `call'
  railties (4.1.6) lib/rails/engine.rb:514:in `call'
  railties (4.1.6) lib/rails/application.rb:144:in `call'
  rack (1.5.2) lib/rack/content_length.rb:14:in `call'
  thin (1.6.1) lib/thin/connection.rb:82:in `block in pre_process'
  thin (1.6.1) lib/thin/connection.rb:80:in `catch'
  thin (1.6.1) lib/thin/connection.rb:80:in `pre_process'
  thin (1.6.1) lib/thin/connection.rb:55:in `process'
  thin (1.6.1) lib/thin/connection.rb:41:in `receive_data'
  eventmachine (1.0.3) lib/eventmachine.rb:187:in `run_machine'
  eventmachine (1.0.3) lib/eventmachine.rb:187:in `run'
  thin (1.6.1) lib/thin/backends/base.rb:73:in `start'
  thin (1.6.1) lib/thin/server.rb:162:in `start'
  rack (1.5.2) lib/rack/handler/thin.rb:16:in `run'
  rack (1.5.2) lib/rack/server.rb:264:in `start'
  railties (4.1.6) lib/rails/commands/server.rb:69:in `start'
  railties (4.1.6) lib/rails/commands/commands_tasks.rb:81:in `block in server'
  railties (4.1.6) lib/rails/commands/commands_tasks.rb:76:in `tap'
  railties (4.1.6) lib/rails/commands/commands_tasks.rb:76:in `server'
  railties (4.1.6) lib/rails/commands/commands_tasks.rb:40:in `run_command!'
  railties (4.1.6) lib/rails/commands.rb:17:in `<top (required)>'
  bin/rails:8:in `require'
  bin/rails:8:in `<top (required)>'
  spring (1.3.4) lib/spring/client/rails.rb:28:in `load'
  spring (1.3.4) lib/spring/client/rails.rb:28:in `call'
  spring (1.3.4) lib/spring/client/command.rb:7:in `call'
  spring (1.3.4) lib/spring/client.rb:26:in `run'
  spring (1.3.4) bin/spring:48:in `<top (required)>'
  spring (1.3.4) lib/spring/binstub.rb:11:in `load'
  spring (1.3.4) lib/spring/binstub.rb:11:in `<top (required)>'
  /Users/apprentice/.rbenv/versions/2.0.0-p353/lib/ruby/2.0.0/rubygems/core_ext/kernel_require.rb:53:in `require'
  /Users/apprentice/.rbenv/versions/2.0.0-p353/lib/ruby/2.0.0/rubygems/core_ext/kernel_require.rb:53:in `require'
  bin/spring:13:in `<top (required)>'
  bin/rails:3:in `load'
  bin/rails:3:in `<main>'


  Rendered /Users/apprentice/.rbenv/versions/2.0.0-p353/lib/ruby/gems/2.0.0/gems/actionpack-4.1.6/lib/action_dispatch/middleware/templates/rescues/missing_template.html.erb within rescues/layout (0.5ms)


Started GET "/articles/1" for 127.0.0.1 at 2015-04-06 16:38:13 -0700
Processing by ArticlesController#show as HTML
  Parameters: {"id"=>"1"}
  [1m[35mArticle Load (0.1ms)[0m  SELECT  "articles".* FROM "articles"  WHERE "articles"."id" = ? LIMIT 1  [["id", 1]]
  Rendered articles/show.html.erb within layouts/application (0.7ms)
Completed 200 OK in 47ms (Views: 45.2ms | ActiveRecord: 0.1ms)


Started GET "/assets/articles.css?body=1" for 127.0.0.1 at 2015-04-06 16:38:13 -0700


Started GET "/assets/welcome.css?body=1" for 127.0.0.1 at 2015-04-06 16:38:13 -0700


Started GET "/assets/application.css?body=1" for 127.0.0.1 at 2015-04-06 16:38:13 -0700


Started GET "/assets/jquery.js?body=1" for 127.0.0.1 at 2015-04-06 16:38:13 -0700


Started GET "/assets/jquery_ujs.js?body=1" for 127.0.0.1 at 2015-04-06 16:38:13 -0700


Started GET "/assets/turbolinks.js?body=1" for 127.0.0.1 at 2015-04-06 16:38:13 -0700


Started GET "/assets/articles.js?body=1" for 127.0.0.1 at 2015-04-06 16:38:13 -0700


Started GET "/assets/welcome.js?body=1" for 127.0.0.1 at 2015-04-06 16:38:13 -0700


Started GET "/assets/application.js?body=1" for 127.0.0.1 at 2015-04-06 16:38:13 -0700


Started GET "/articles/new" for 127.0.0.1 at 2015-04-06 16:38:58 -0700
Processing by ArticlesController#new as HTML
  Rendered articles/new.html.erb within layouts/application (1.6ms)
Completed 200 OK in 93ms (Views: 91.8ms | ActiveRecord: 0.0ms)


Started GET "/assets/articles.css?body=1" for 127.0.0.1 at 2015-04-06 16:38:58 -0700


Started GET "/assets/welcome.css?body=1" for 127.0.0.1 at 2015-04-06 16:38:58 -0700


Started GET "/assets/application.css?body=1" for 127.0.0.1 at 2015-04-06 16:38:58 -0700


Started GET "/assets/jquery.js?body=1" for 127.0.0.1 at 2015-04-06 16:38:58 -0700


Started GET "/assets/jquery_ujs.js?body=1" for 127.0.0.1 at 2015-04-06 16:38:58 -0700


Started GET "/assets/turbolinks.js?body=1" for 127.0.0.1 at 2015-04-06 16:38:58 -0700


Started GET "/assets/articles.js?body=1" for 127.0.0.1 at 2015-04-06 16:38:58 -0700


Started GET "/assets/welcome.js?body=1" for 127.0.0.1 at 2015-04-06 16:38:58 -0700


Started GET "/assets/application.js?body=1" for 127.0.0.1 at 2015-04-06 16:38:58 -0700


Started POST "/articles" for 127.0.0.1 at 2015-04-06 16:39:05 -0700
Processing by ArticlesController#create as HTML
  Parameters: {"utf8"=>"✓", "authenticity_token"=>"oQ4+Ymw3iXj/aL6xXB/egyFss33Svg14p43Zq+FiEG0=", "article"=>{"title"=>"new article", "text"=>"this is a new one"}, "commit"=>"Save Article"}
  [1m[36m (0.1ms)[0m  [1mbegin transaction[0m
  [1m[35mSQL (0.4ms)[0m  INSERT INTO "articles" ("created_at", "text", "title", "updated_at") VALUES (?, ?, ?, ?)  [["created_at", "2015-04-06 23:39:05.874718"], ["text", "this is a new one"], ["title", "new article"], ["updated_at", "2015-04-06 23:39:05.874718"]]
  [1m[36m (1.5ms)[0m  [1mcommit transaction[0m
Redirected to http://localhost:3000/articles/2
Completed 302 Found in 6ms (ActiveRecord: 2.0ms)


Started GET "/articles/2" for 127.0.0.1 at 2015-04-06 16:39:05 -0700
Processing by ArticlesController#show as HTML
  Parameters: {"id"=>"2"}
  [1m[35mArticle Load (0.3ms)[0m  SELECT  "articles".* FROM "articles"  WHERE "articles"."id" = ? LIMIT 1  [["id", 2]]
  Rendered articles/show.html.erb within layouts/application (0.1ms)
Completed 200 OK in 51ms (Views: 48.6ms | ActiveRecord: 0.3ms)


Started GET "/assets/articles.css?body=1" for 127.0.0.1 at 2015-04-06 16:39:05 -0700


Started GET "/assets/welcome.css?body=1" for 127.0.0.1 at 2015-04-06 16:39:05 -0700


Started GET "/assets/application.css?body=1" for 127.0.0.1 at 2015-04-06 16:39:05 -0700


Started GET "/assets/jquery.js?body=1" for 127.0.0.1 at 2015-04-06 16:39:05 -0700


Started GET "/assets/jquery_ujs.js?body=1" for 127.0.0.1 at 2015-04-06 16:39:05 -0700


Started GET "/assets/turbolinks.js?body=1" for 127.0.0.1 at 2015-04-06 16:39:05 -0700


Started GET "/assets/articles.js?body=1" for 127.0.0.1 at 2015-04-06 16:39:05 -0700


Started GET "/assets/welcome.js?body=1" for 127.0.0.1 at 2015-04-06 16:39:05 -0700


Started GET "/assets/application.js?body=1" for 127.0.0.1 at 2015-04-06 16:39:05 -0700


Started GET "/articles/" for 127.0.0.1 at 2015-04-06 16:41:53 -0700
Processing by ArticlesController#index as HTML
  [1m[36mArticle Load (0.4ms)[0m  [1mSELECT "articles".* FROM "articles"[0m
  Rendered articles/index.html.erb within layouts/application (5.2ms)
Completed 200 OK in 51ms (Views: 48.2ms | ActiveRecord: 0.7ms)


Started GET "/assets/articles.css?body=1" for 127.0.0.1 at 2015-04-06 16:41:53 -0700


Started GET "/assets/welcome.css?body=1" for 127.0.0.1 at 2015-04-06 16:41:53 -0700


Started GET "/assets/application.css?body=1" for 127.0.0.1 at 2015-04-06 16:41:53 -0700


Started GET "/assets/jquery.js?body=1" for 127.0.0.1 at 2015-04-06 16:41:53 -0700


Started GET "/assets/jquery_ujs.js?body=1" for 127.0.0.1 at 2015-04-06 16:41:53 -0700


Started GET "/assets/turbolinks.js?body=1" for 127.0.0.1 at 2015-04-06 16:41:53 -0700


Started GET "/assets/articles.js?body=1" for 127.0.0.1 at 2015-04-06 16:41:53 -0700


Started GET "/assets/welcome.js?body=1" for 127.0.0.1 at 2015-04-06 16:41:53 -0700


Started GET "/assets/application.js?body=1" for 127.0.0.1 at 2015-04-06 16:41:53 -0700


Started GET "/" for 127.0.0.1 at 2015-04-06 16:52:48 -0700
Processing by WelcomeController#index as HTML
  Rendered welcome/index.html.erb within layouts/application (1.0ms)
Completed 200 OK in 99ms (Views: 97.8ms | ActiveRecord: 0.0ms)


Started GET "/assets/articles.css?body=1" for 127.0.0.1 at 2015-04-06 16:52:48 -0700


Started GET "/assets/welcome.css?body=1" for 127.0.0.1 at 2015-04-06 16:52:48 -0700


Started GET "/assets/application.css?body=1" for 127.0.0.1 at 2015-04-06 16:52:48 -0700


Started GET "/assets/jquery.js?body=1" for 127.0.0.1 at 2015-04-06 16:52:48 -0700


Started GET "/assets/jquery_ujs.js?body=1" for 127.0.0.1 at 2015-04-06 16:52:48 -0700


Started GET "/assets/turbolinks.js?body=1" for 127.0.0.1 at 2015-04-06 16:52:48 -0700


Started GET "/assets/articles.js?body=1" for 127.0.0.1 at 2015-04-06 16:52:48 -0700


Started GET "/assets/welcome.js?body=1" for 127.0.0.1 at 2015-04-06 16:52:48 -0700


Started GET "/assets/application.js?body=1" for 127.0.0.1 at 2015-04-06 16:52:48 -0700


Started GET "/articles" for 127.0.0.1 at 2015-04-06 16:52:50 -0700
Processing by ArticlesController#index as HTML
  [1m[35mArticle Load (0.4ms)[0m  SELECT "articles".* FROM "articles"
  Rendered articles/index.html.erb within layouts/application (6.3ms)
Completed 200 OK in 52ms (Views: 48.8ms | ActiveRecord: 0.8ms)


Started GET "/articles/new" for 127.0.0.1 at 2015-04-06 16:52:52 -0700
Processing by ArticlesController#new as HTML
  Rendered articles/new.html.erb within layouts/application (2.9ms)
Completed 200 OK in 48ms (Views: 47.2ms | ActiveRecord: 0.0ms)


Started POST "/articles" for 127.0.0.1 at 2015-04-06 16:52:58 -0700
Processing by ArticlesController#create as HTML
  Parameters: {"utf8"=>"✓", "authenticity_token"=>"oQ4+Ymw3iXj/aL6xXB/egyFss33Svg14p43Zq+FiEG0=", "article"=>{"title"=>"", "text"=>"no title!"}, "commit"=>"Save Article"}
  [1m[36m (0.1ms)[0m  [1mbegin transaction[0m
  [1m[35m (0.1ms)[0m  rollback transaction
  Rendered articles/new.html.erb within layouts/application (4.6ms)
Completed 200 OK in 108ms (Views: 104.4ms | ActiveRecord: 0.1ms)


Started GET "/assets/articles.css?body=1" for 127.0.0.1 at 2015-04-06 16:52:58 -0700


Started GET "/assets/welcome.css?body=1" for 127.0.0.1 at 2015-04-06 16:52:58 -0700


Started GET "/assets/application.css?body=1" for 127.0.0.1 at 2015-04-06 16:52:58 -0700


Started GET "/assets/jquery.js?body=1" for 127.0.0.1 at 2015-04-06 16:52:58 -0700


Started GET "/assets/turbolinks.js?body=1" for 127.0.0.1 at 2015-04-06 16:52:58 -0700


Started GET "/assets/articles.js?body=1" for 127.0.0.1 at 2015-04-06 16:52:58 -0700


Started GET "/assets/jquery_ujs.js?body=1" for 127.0.0.1 at 2015-04-06 16:52:58 -0700


Started GET "/assets/welcome.js?body=1" for 127.0.0.1 at 2015-04-06 16:52:58 -0700


Started GET "/assets/application.js?body=1" for 127.0.0.1 at 2015-04-06 16:52:58 -0700


Started POST "/articles" for 127.0.0.1 at 2015-04-06 16:58:20 -0700
Processing by ArticlesController#create as HTML
  Parameters: {"utf8"=>"✓", "authenticity_token"=>"oQ4+Ymw3iXj/aL6xXB/egyFss33Svg14p43Zq+FiEG0=", "article"=>{"title"=>"", "text"=>"no title!"}, "commit"=>"Save Article"}
  [1m[36m (0.1ms)[0m  [1mbegin transaction[0m
  [1m[35m (0.0ms)[0m  rollback transaction
  Rendered articles/new.html.erb within layouts/application (4.3ms)
Completed 200 OK in 52ms (Views: 49.1ms | ActiveRecord: 0.1ms)


Started GET "/assets/articles.css?body=1" for 127.0.0.1 at 2015-04-06 16:58:21 -0700


Started GET "/assets/welcome.css?body=1" for 127.0.0.1 at 2015-04-06 16:58:21 -0700


Started GET "/assets/application.css?body=1" for 127.0.0.1 at 2015-04-06 16:58:21 -0700


Started GET "/assets/jquery.js?body=1" for 127.0.0.1 at 2015-04-06 16:58:21 -0700


Started GET "/assets/jquery_ujs.js?body=1" for 127.0.0.1 at 2015-04-06 16:58:21 -0700


Started GET "/assets/turbolinks.js?body=1" for 127.0.0.1 at 2015-04-06 16:58:21 -0700


Started GET "/assets/articles.js?body=1" for 127.0.0.1 at 2015-04-06 16:58:21 -0700


Started GET "/assets/welcome.js?body=1" for 127.0.0.1 at 2015-04-06 16:58:21 -0700


Started GET "/assets/application.js?body=1" for 127.0.0.1 at 2015-04-06 16:58:21 -0700


Started POST "/articles" for 127.0.0.1 at 2015-04-06 16:58:34 -0700
Processing by ArticlesController#create as HTML
  Parameters: {"utf8"=>"✓", "authenticity_token"=>"oQ4+Ymw3iXj/aL6xXB/egyFss33Svg14p43Zq+FiEG0=", "article"=>{"title"=>"a", "text"=>"no title!"}, "commit"=>"Save Article"}
  [1m[36m (0.1ms)[0m  [1mbegin transaction[0m
  [1m[35m (0.1ms)[0m  rollback transaction
  Rendered articles/new.html.erb within layouts/application (3.2ms)
Completed 200 OK in 53ms (Views: 50.5ms | ActiveRecord: 0.2ms)


Started GET "/assets/articles.css?body=1" for 127.0.0.1 at 2015-04-06 16:58:34 -0700


Started GET "/assets/welcome.css?body=1" for 127.0.0.1 at 2015-04-06 16:58:34 -0700


Started GET "/assets/application.css?body=1" for 127.0.0.1 at 2015-04-06 16:58:34 -0700


Started GET "/assets/jquery.js?body=1" for 127.0.0.1 at 2015-04-06 16:58:34 -0700


Started GET "/assets/jquery_ujs.js?body=1" for 127.0.0.1 at 2015-04-06 16:58:34 -0700


Started GET "/assets/turbolinks.js?body=1" for 127.0.0.1 at 2015-04-06 16:58:34 -0700


Started GET "/assets/articles.js?body=1" for 127.0.0.1 at 2015-04-06 16:58:34 -0700


Started GET "/assets/welcome.js?body=1" for 127.0.0.1 at 2015-04-06 16:58:34 -0700


Started GET "/assets/application.js?body=1" for 127.0.0.1 at 2015-04-06 16:58:34 -0700


Started POST "/articles" for 127.0.0.1 at 2015-04-06 17:24:11 -0700
Processing by ArticlesController#create as HTML
  Parameters: {"utf8"=>"✓", "authenticity_token"=>"oQ4+Ymw3iXj/aL6xXB/egyFss33Svg14p43Zq+FiEG0=", "article"=>{"title"=>"a", "text"=>"no title!"}, "commit"=>"Save Article"}
  [1m[36m (0.1ms)[0m  [1mbegin transaction[0m
  [1m[35m (0.1ms)[0m  rollback transaction
  Rendered articles/new.html.erb within layouts/application (2.4ms)
Completed 200 OK in 124ms (Views: 114.7ms | ActiveRecord: 0.7ms)


Started GET "/assets/articles.css?body=1" for 127.0.0.1 at 2015-04-06 17:24:11 -0700


Started GET "/assets/welcome.css?body=1" for 127.0.0.1 at 2015-04-06 17:24:11 -0700


Started GET "/assets/application.css?body=1" for 127.0.0.1 at 2015-04-06 17:24:11 -0700


Started GET "/assets/jquery.js?body=1" for 127.0.0.1 at 2015-04-06 17:24:11 -0700


Started GET "/assets/jquery_ujs.js?body=1" for 127.0.0.1 at 2015-04-06 17:24:11 -0700


Started GET "/assets/turbolinks.js?body=1" for 127.0.0.1 at 2015-04-06 17:24:11 -0700


Started GET "/assets/articles.js?body=1" for 127.0.0.1 at 2015-04-06 17:24:11 -0700


Started GET "/assets/welcome.js?body=1" for 127.0.0.1 at 2015-04-06 17:24:11 -0700


Started GET "/assets/application.js?body=1" for 127.0.0.1 at 2015-04-06 17:24:11 -0700


Started POST "/articles" for 127.0.0.1 at 2015-04-06 17:24:19 -0700
Processing by ArticlesController#create as HTML
  Parameters: {"utf8"=>"✓", "authenticity_token"=>"oQ4+Ymw3iXj/aL6xXB/egyFss33Svg14p43Zq+FiEG0=", "article"=>{"title"=>"ad===", "text"=>"no title!sadf"}, "commit"=>"Save Article"}
  [1m[36m (0.1ms)[0m  [1mbegin transaction[0m
  [1m[35mSQL (0.4ms)[0m  INSERT INTO "articles" ("created_at", "text", "title", "updated_at") VALUES (?, ?, ?, ?)  [["created_at", "2015-04-07 00:24:19.221510"], ["text", "no title!sadf"], ["title", "ad==="], ["updated_at", "2015-04-07 00:24:19.221510"]]
  [1m[36m (43.8ms)[0m  [1mcommit transaction[0m
Redirected to http://localhost:3000/articles/3
Completed 302 Found in 48ms (ActiveRecord: 44.2ms)


Started GET "/articles/3" for 127.0.0.1 at 2015-04-06 17:24:19 -0700
Processing by ArticlesController#show as HTML
  Parameters: {"id"=>"3"}
  [1m[35mArticle Load (0.2ms)[0m  SELECT  "articles".* FROM "articles"  WHERE "articles"."id" = ? LIMIT 1  [["id", 3]]
  Rendered articles/show.html.erb within layouts/application (1.1ms)
Completed 200 OK in 47ms (Views: 45.4ms | ActiveRecord: 0.2ms)


Started GET "/assets/articles.css?body=1" for 127.0.0.1 at 2015-04-06 17:24:19 -0700


Started GET "/assets/welcome.css?body=1" for 127.0.0.1 at 2015-04-06 17:24:19 -0700


Started GET "/assets/application.css?body=1" for 127.0.0.1 at 2015-04-06 17:24:19 -0700


Started GET "/assets/jquery.js?body=1" for 127.0.0.1 at 2015-04-06 17:24:19 -0700


Started GET "/assets/jquery_ujs.js?body=1" for 127.0.0.1 at 2015-04-06 17:24:19 -0700


Started GET "/assets/turbolinks.js?body=1" for 127.0.0.1 at 2015-04-06 17:24:19 -0700


Started GET "/assets/articles.js?body=1" for 127.0.0.1 at 2015-04-06 17:24:19 -0700


Started GET "/assets/welcome.js?body=1" for 127.0.0.1 at 2015-04-06 17:24:19 -0700


Started GET "/assets/application.js?body=1" for 127.0.0.1 at 2015-04-06 17:24:19 -0700


Started GET "/articles" for 127.0.0.1 at 2015-04-06 17:24:22 -0700
Processing by ArticlesController#index as HTML
  [1m[36mArticle Load (0.2ms)[0m  [1mSELECT "articles".* FROM "articles"[0m
  Rendered articles/index.html.erb within layouts/application (2.4ms)
Completed 200 OK in 50ms (Views: 49.2ms | ActiveRecord: 0.2ms)


Started GET "/articles/1/edit" for 127.0.0.1 at 2015-04-06 17:24:33 -0700
Processing by ArticlesController#edit as HTML
  Parameters: {"id"=>"1"}
  [1m[35mArticle Load (0.1ms)[0m  SELECT  "articles".* FROM "articles"  WHERE "articles"."id" = ? LIMIT 1  [["id", 1]]
  Rendered articles/edit.html.erb within layouts/application (3.1ms)
Completed 200 OK in 138ms (Views: 136.9ms | ActiveRecord: 0.1ms)


Started GET "/articles" for 127.0.0.1 at 2015-04-06 17:30:27 -0700
Processing by ArticlesController#index as HTML
  [1m[36mArticle Load (0.2ms)[0m  [1mSELECT "articles".* FROM "articles"[0m
  Rendered articles/index.html.erb within layouts/application (2.3ms)
Completed 200 OK in 48ms (Views: 47.4ms | ActiveRecord: 0.2ms)


Started GET "/assets/articles.css?body=1" for 127.0.0.1 at 2015-04-06 17:30:27 -0700


Started GET "/assets/welcome.css?body=1" for 127.0.0.1 at 2015-04-06 17:30:27 -0700


Started GET "/assets/application.css?body=1" for 127.0.0.1 at 2015-04-06 17:30:27 -0700


Started GET "/assets/jquery.js?body=1" for 127.0.0.1 at 2015-04-06 17:30:27 -0700


Started GET "/assets/jquery_ujs.js?body=1" for 127.0.0.1 at 2015-04-06 17:30:27 -0700


Started GET "/assets/turbolinks.js?body=1" for 127.0.0.1 at 2015-04-06 17:30:27 -0700


Started GET "/assets/articles.js?body=1" for 127.0.0.1 at 2015-04-06 17:30:27 -0700


Started GET "/assets/welcome.js?body=1" for 127.0.0.1 at 2015-04-06 17:30:27 -0700


Started GET "/assets/application.js?body=1" for 127.0.0.1 at 2015-04-06 17:30:27 -0700


Started GET "/articles/new" for 127.0.0.1 at 2015-04-06 17:30:31 -0700
Processing by ArticlesController#new as HTML
  Rendered articles/_form.html.erb (2.7ms)
  Rendered articles/new.html.erb within layouts/application (4.6ms)
Completed 200 OK in 53ms (Views: 52.3ms | ActiveRecord: 0.0ms)


Started GET "/articles" for 127.0.0.1 at 2015-04-06 17:30:33 -0700
Processing by ArticlesController#index as HTML
  [1m[35mArticle Load (0.2ms)[0m  SELECT "articles".* FROM "articles"
  Rendered articles/index.html.erb within layouts/application (1.6ms)
Completed 200 OK in 44ms (Views: 43.0ms | ActiveRecord: 0.2ms)


Started GET "/articles/1" for 127.0.0.1 at 2015-04-06 17:30:34 -0700
Processing by ArticlesController#show as HTML
  Parameters: {"id"=>"1"}
  [1m[36mArticle Load (0.1ms)[0m  [1mSELECT  "articles".* FROM "articles"  WHERE "articles"."id" = ? LIMIT 1[0m  [["id", 1]]
  Rendered articles/show.html.erb within layouts/application (1.4ms)
Completed 200 OK in 96ms (Views: 94.8ms | ActiveRecord: 0.1ms)


Started GET "/articles.1" for 127.0.0.1 at 2015-04-06 17:30:37 -0700
Processing by ArticlesController#index as 
  [1m[35mArticle Load (0.2ms)[0m  SELECT "articles".* FROM "articles"
  Rendered articles/index.html.erb within layouts/application (2.6ms)
Completed 200 OK in 49ms (Views: 47.7ms | ActiveRecord: 0.2ms)


Started GET "/articles/1/edit" for 127.0.0.1 at 2015-04-06 17:30:43 -0700
Processing by ArticlesController#edit as HTML
  Parameters: {"id"=>"1"}
  [1m[36mArticle Load (0.1ms)[0m  [1mSELECT  "articles".* FROM "articles"  WHERE "articles"."id" = ? LIMIT 1[0m  [["id", 1]]
  Rendered articles/_form.html.erb (2.4ms)
  Rendered articles/edit.html.erb within layouts/application (4.1ms)
Completed 200 OK in 48ms (Views: 46.5ms | ActiveRecord: 0.1ms)


Started GET "/articles.1" for 127.0.0.1 at 2015-04-06 17:36:27 -0700
Processing by ArticlesController#index as 
  [1m[35mArticle Load (0.3ms)[0m  SELECT "articles".* FROM "articles"
  Rendered articles/index.html.erb within layouts/application (6.2ms)
Completed 200 OK in 98ms (Views: 94.6ms | ActiveRecord: 0.6ms)


Started GET "/assets/articles.css?body=1" for 127.0.0.1 at 2015-04-06 17:36:27 -0700


Started GET "/assets/welcome.css?body=1" for 127.0.0.1 at 2015-04-06 17:36:27 -0700


Started GET "/assets/application.css?body=1" for 127.0.0.1 at 2015-04-06 17:36:27 -0700


Started GET "/assets/jquery.js?body=1" for 127.0.0.1 at 2015-04-06 17:36:27 -0700


Started GET "/assets/jquery_ujs.js?body=1" for 127.0.0.1 at 2015-04-06 17:36:27 -0700


Started GET "/assets/turbolinks.js?body=1" for 127.0.0.1 at 2015-04-06 17:36:27 -0700


Started GET "/assets/articles.js?body=1" for 127.0.0.1 at 2015-04-06 17:36:27 -0700


Started GET "/assets/welcome.js?body=1" for 127.0.0.1 at 2015-04-06 17:36:27 -0700


Started GET "/assets/application.js?body=1" for 127.0.0.1 at 2015-04-06 17:36:27 -0700


Started DELETE "/articles/3" for 127.0.0.1 at 2015-04-06 17:36:33 -0700
Processing by ArticlesController#destroy as HTML
  Parameters: {"authenticity_token"=>"oQ4+Ymw3iXj/aL6xXB/egyFss33Svg14p43Zq+FiEG0=", "id"=>"3"}
  [1m[36mArticle Load (0.2ms)[0m  [1mSELECT  "articles".* FROM "articles"  WHERE "articles"."id" = ? LIMIT 1[0m  [["id", 3]]
  [1m[35m (0.1ms)[0m  begin transaction
  [1m[36mSQL (0.3ms)[0m  [1mDELETE FROM "articles" WHERE "articles"."id" = ?[0m  [["id", 3]]
  [1m[35m (5.9ms)[0m  commit transaction
Redirected to http://localhost:3000/articles
Completed 302 Found in 10ms (ActiveRecord: 6.5ms)


Started GET "/articles" for 127.0.0.1 at 2015-04-06 17:36:33 -0700
Processing by ArticlesController#index as HTML
  [1m[36mArticle Load (0.2ms)[0m  [1mSELECT "articles".* FROM "articles"[0m
  Rendered articles/index.html.erb within layouts/application (2.5ms)
Completed 200 OK in 50ms (Views: 48.7ms | ActiveRecord: 0.2ms)


Started GET "/assets/articles.css?body=1" for 127.0.0.1 at 2015-04-06 17:36:33 -0700


Started GET "/assets/welcome.css?body=1" for 127.0.0.1 at 2015-04-06 17:36:33 -0700


Started GET "/assets/application.css?body=1" for 127.0.0.1 at 2015-04-06 17:36:33 -0700


Started GET "/assets/jquery.js?body=1" for 127.0.0.1 at 2015-04-06 17:36:33 -0700


Started GET "/assets/jquery_ujs.js?body=1" for 127.0.0.1 at 2015-04-06 17:36:33 -0700


Started GET "/assets/turbolinks.js?body=1" for 127.0.0.1 at 2015-04-06 17:36:33 -0700


Started GET "/assets/articles.js?body=1" for 127.0.0.1 at 2015-04-06 17:36:33 -0700


Started GET "/assets/welcome.js?body=1" for 127.0.0.1 at 2015-04-06 17:36:33 -0700


Started GET "/assets/application.js?body=1" for 127.0.0.1 at 2015-04-06 17:36:33 -0700


Started GET "/articles" for 127.0.0.1 at 2015-04-06 17:36:54 -0700
Processing by ArticlesController#index as HTML
  [1m[35mArticle Load (0.2ms)[0m  SELECT "articles".* FROM "articles"
  Rendered articles/index.html.erb within layouts/application (2.3ms)
Completed 200 OK in 48ms (Views: 47.2ms | ActiveRecord: 0.2ms)


Started GET "/assets/articles.css?body=1" for 127.0.0.1 at 2015-04-06 17:36:55 -0700


Started GET "/assets/welcome.css?body=1" for 127.0.0.1 at 2015-04-06 17:36:55 -0700


Started GET "/assets/application.css?body=1" for 127.0.0.1 at 2015-04-06 17:36:55 -0700


Started GET "/assets/jquery.js?body=1" for 127.0.0.1 at 2015-04-06 17:36:55 -0700


Started GET "/assets/jquery_ujs.js?body=1" for 127.0.0.1 at 2015-04-06 17:36:55 -0700


Started GET "/assets/turbolinks.js?body=1" for 127.0.0.1 at 2015-04-06 17:36:55 -0700


Started GET "/assets/articles.js?body=1" for 127.0.0.1 at 2015-04-06 17:36:55 -0700


Started GET "/assets/welcome.js?body=1" for 127.0.0.1 at 2015-04-06 17:36:55 -0700


Started GET "/assets/application.js?body=1" for 127.0.0.1 at 2015-04-06 17:36:55 -0700
